## SLURM PROLOG ###############################################################
##    Job ID : 1385139
##  Job Name : ptsd_calib
##  Nodelist : node2314
##      CPUs : 
##  Mem/Node : 16384 MB
## Directory : /oscar/data/class/biol1595_2595/students/ewang163
##   Job Started : Wed Apr  8 02:01:46 PM EDT 2026
###############################################################################
=================================================================
PTSD NLP — Probability Calibration Analysis
=================================================================

[1/4] Loading predictions ...
  Val:  1,471 patients (580 pos, 891 unlabeled)
  Test: 1,551 patients (660 pos, 891 unlabeled)

[2/4] Fitting Platt scaling on validation set ...
  Platt coef: 4.6705, intercept: -2.8522
  → /oscar/data/class/biol1595_2595/students/ewang163/ewang163_platt_calibrator.pkl
  Raw  test: mean=0.4772, median=0.4031
  Platt test: mean=0.4049, median=0.2750

[3/4] Computing calibration bins ...
  ECE (raw):          0.0626
  ECE (Platt-scaled): 0.0585

[4/4] Generating calibration plot ...
  → /oscar/data/class/biol1595_2595/students/ewang163/ewang163_calibration_curve.png
  → /oscar/data/class/biol1595_2595/students/ewang163/ewang163_calibration_results.csv

=================================================================
CALIBRATION SUMMARY
=================================================================

  ECE before Platt scaling: 0.0626
  ECE after  Platt scaling: 0.0585
  Improvement: 0.0041 (6.6% reduction)

  Raw calibration (10 equal-frequency bins):
   Bin      N  Mean pred   Obs frac           95% CI
  ---- ------ ---------- ---------- ----------------
     1    155     0.0326     0.0387 [0.0179, 0.0819]
     2    155     0.0552     0.0903 [0.0546, 0.1459]
     3    155     0.0961     0.1097 [0.0696, 0.1686]
     4    155     0.1651     0.1484 [0.1010, 0.2128]
     5    155     0.2933     0.2774 [0.2130, 0.3526]
     6    155     0.5088     0.3677 [0.2959, 0.4460]
     7    155     0.7384     0.5290 [0.4507, 0.6060]
     8    155     0.9021     0.7613 [0.6884, 0.8216]
     9    155     0.9790     0.9484 [0.9015, 0.9736]
    10    156     0.9981     0.9808 [0.9450, 0.9934]

  Platt-scaled calibration:
   Bin      N  Mean pred   Obs frac           95% CI
  ---- ------ ---------- ---------- ----------------
     1    155     0.0630     0.0387 [0.0179, 0.0819]
     2    155     0.0696     0.0903 [0.0546, 0.1459]
     3    155     0.0831     0.1097 [0.0696, 0.1686]
     4    155     0.1115     0.1484 [0.1010, 0.2128]
     5    155     0.1882     0.2774 [0.2130, 0.3526]
     6    155     0.3856     0.3677 [0.2959, 0.4460]
     7    155     0.6427     0.5290 [0.4507, 0.6060]
     8    155     0.7946     0.7613 [0.6884, 0.8216]
     9    155     0.8480     0.9484 [0.9015, 0.9736]
    10    156     0.8593     0.9808 [0.9450, 0.9934]

Done.
