## SLURM PROLOG ###############################################################
##    Job ID : 1383997
##  Job Name : ptsd_attr_v2
##  Nodelist : gpu2107
##      CPUs : 
##  Mem/Node : 32768 MB
## Directory : /oscar/data/class/biol1595_2595/students/ewang163
##   Job Started : Wed Apr  8 01:20:51 PM EDT 2026
###############################################################################
=================================================================
PTSD NLP — Integrated Gradients Attribution v2
=================================================================

Device: cuda
  GPU: NVIDIA GeForce RTX 3090

[1/5] Loading model and tokenizer ...
Loading weights:   0%|          | 0/273 [00:00<?, ?it/s]Loading weights: 100%|██████████| 273/273 [00:00<00:00, 23603.82it/s]
Initializing global attention on CLS token...
  IntegratedGradients initialized on embedding inputs

[2/5] Selecting high-confidence true positive patients ...
  Running inference on positive test patients ...
  Positive test patients: 660
  Top decile threshold: 0.9991
  Patients in top decile: 66
  Selected for attribution: 50

[3/5] Loading raw discharge notes for section boundaries ...
  Loaded 50 raw notes

[4/5] Computing Integrated Gradients (this may take a while) ...
  [10/50] 67s elapsed, 9 ok, 0 fail
  [20/50] 141s elapsed, 19 ok, 0 fail
  [30/50] 215s elapsed, 29 ok, 0 fail
  [40/50] 289s elapsed, 39 ok, 0 fail
  [50/50] 362s elapsed, 49 ok, 0 fail

  Completed: 50 succeeded, 0 failed out of 50 patients in 370s
  Failures log: /oscar/data/class/biol1595_2595/students/ewang163/ewang163_attribution_failures_v2.log

[5/5] Aggregating results ...

  Section-level attribution:
  Section                             Total  % Total   Tokens   Mean/Token
  ------------------------------ ---------- -------- -------- ------------
  history of present illness       207.2197   54.58%    25046     0.008274
  brief hospital course             85.1946   22.44%    10482     0.008128
  past medical history              78.9122   20.79%     4335     0.018204
  social history                     5.9360    1.56%     1118     0.005309
  unknown                            2.3926    0.63%      275     0.008700
  → /oscar/data/class/biol1595_2595/students/ewang163/ewang163_attribution_by_section_v2.csv

  Top 20 tokens by mean |attribution| (min 3 occurrences):
  Token                 Mean |Attr|        Std      N
  -------------------- ------------ ---------- ------
  ts                       0.271494   0.237208     92
  schizophrenia            0.126397   0.087378      4
  contin                   0.114597   0.137853      3
  counseling               0.103196   0.003773      3
  overdose                 0.100977   0.143057      6
  admissions               0.098028   0.046789      3
  psychiatric              0.097489   0.089836     24
  violence                 0.090550   0.074205      3
  trauma                   0.077545   0.073156     10
  detox                    0.077545   0.062166      4
  suicide                  0.074734   0.075130     19
  disorder                 0.071431   0.063001     47
  falls                    0.070275   0.071498      4
  suicidal                 0.062302   0.060909     28
  psychiatrist             0.061328   0.037375     10
  abusive                  0.057990   0.016360      4
  dysfunction              0.055918   0.052659      3
  bipolar                  0.053615   0.041719     11
  personality              0.052820   0.051602      6
  bid                      0.051520   0.027426      6
  → /oscar/data/class/biol1595_2595/students/ewang163/ewang163_top_attributed_tokens_v2.csv

=================================================================
INTERPRETATION
=================================================================
  Highest-attribution section: history of present illness (54.6% of total)
  Top 3 attributed tokens: ts, schizophrenia, contin

  Expected: social history and HPI sections should drive
  predictions if the model learns genuine clinical signal.
  High PMH attribution may indicate residual label leakage.

Done.
