## SLURM PROLOG ###############################################################
##    Job ID : 1699144
##  Job Name : lf_pip0.05
##  Nodelist : gpu3003
##      CPUs : 
##  Mem/Node : 32768 MB
## Directory : /oscar/data/class/biol1595_2595/students/ewang163
##   Job Started : Wed Apr 15 10:34:31 PM EDT 2026
###############################################################################
=================================================================
PTSD NLP — Clinical Longformer + PU Loss Training
=================================================================
Warning: You are sending unauthenticated requests to the HF Hub. Please set a HF_TOKEN to enable higher rate limits and faster downloads.

Device: cuda
  GPU: NVIDIA L40S
  Memory: 47.7 GB

[1/4] Loading data ...
  Splits: /oscar/data/class/biol1595_2595/students/ewang163/data/splits/ewang163_split_train.parquet
  Using CLI-specified pi_p = 0.0500
  Train: 11,837 rows  (pos=4,710, unl=7,127)
  Val:   1,471 rows

[2/4] Loading Clinical Longformer ...
Loading weights:   0%|          | 0/269 [00:00<?, ?it/s]Loading weights: 100%|██████████| 269/269 [00:00<00:00, 49368.50it/s]
[1mLongformerForSequenceClassification LOAD REPORT[0m from: yikuan8/Clinical-Longformer
Key                                | Status     | 
-----------------------------------+------------+-
longformer.embeddings.position_ids | UNEXPECTED | 
lm_head.dense.weight               | UNEXPECTED | 
lm_head.layer_norm.bias            | UNEXPECTED | 
lm_head.decoder.bias               | UNEXPECTED | 
lm_head.dense.bias                 | UNEXPECTED | 
lm_head.bias                       | UNEXPECTED | 
lm_head.layer_norm.weight          | UNEXPECTED | 
lm_head.decoder.weight             | UNEXPECTED | 
classifier.out_proj.weight         | MISSING    | 
classifier.dense.bias              | MISSING    | 
classifier.out_proj.bias           | MISSING    | 
classifier.dense.weight            | MISSING    | 

Notes:
- UNEXPECTED:	can be ignored when loading from different task/architecture; not ok if you expect identical arch.
- MISSING:	those params were newly initialized because missing from the checkpoint. Consider training on your downstream task.
/oscar/data/class/biol1595_2595/students/ewang163/ptsd_env/lib/python3.13/site-packages/torch/utils/data/dataloader.py:624: UserWarning: This DataLoader will create 2 worker processes in total. Our suggested max number of worker in current system is 1, which is smaller than what this DataLoader is going to create. Please be aware that excessive worker creation might get DataLoader running slow or even freeze, lower the worker number to avoid potential slowness/freeze if necessary.
  warnings.warn(
  Parameters: 148,660,994 total, 148,660,994 trainable
  Gradient checkpointing: enabled
  Mixed precision (fp16): enabled

[3/4] Preparing datasets ...
  Total optimizer steps: 1,845
  Warmup steps: 184

[4/4] Training ...

--- Epoch 1/5 ---
Initializing global attention on CLS token...
    step 50/5919  avg_loss=0.6936
    step 100/5919  avg_loss=0.6941
    step 150/5919  avg_loss=0.6947
    step 200/5919  avg_loss=0.6900
    step 250/5919  avg_loss=0.6864
    step 300/5919  avg_loss=0.6836
    step 350/5919  avg_loss=0.6767
    step 400/5919  avg_loss=0.6674
    step 450/5919  avg_loss=0.6613
    step 500/5919  avg_loss=0.6472
    step 550/5919  avg_loss=0.6377
    step 600/5919  avg_loss=0.6229
    step 650/5919  avg_loss=0.6183
    step 700/5919  avg_loss=0.6108
    step 750/5919  avg_loss=0.5936
    step 800/5919  avg_loss=0.5872
    step 850/5919  avg_loss=0.5949
    step 900/5919  avg_loss=0.5851
    step 950/5919  avg_loss=0.5780
    step 1000/5919  avg_loss=0.5724
    step 1050/5919  avg_loss=0.5698
    step 1100/5919  avg_loss=0.5646
    step 1150/5919  avg_loss=0.5605
    step 1200/5919  avg_loss=0.5567
    step 1250/5919  avg_loss=0.5497
    step 1300/5919  avg_loss=0.5484
    step 1350/5919  avg_loss=0.5454
    step 1400/5919  avg_loss=0.5419
    step 1450/5919  avg_loss=0.5403
    step 1500/5919  avg_loss=0.5385
    step 1550/5919  avg_loss=0.5375
    step 1600/5919  avg_loss=0.5337
    step 1650/5919  avg_loss=0.5326
    step 1700/5919  avg_loss=0.5319
    step 1750/5919  avg_loss=0.5296
    step 1800/5919  avg_loss=0.5259
    step 1850/5919  avg_loss=0.5240
    step 1900/5919  avg_loss=0.5223
    step 1950/5919  avg_loss=0.5183
    step 2000/5919  avg_loss=0.5187
    step 2050/5919  avg_loss=0.5176
    step 2100/5919  avg_loss=0.5140
    step 2150/5919  avg_loss=0.5131
    step 2200/5919  avg_loss=0.5088
    step 2250/5919  avg_loss=0.5065
    step 2300/5919  avg_loss=0.5041
    step 2350/5919  avg_loss=0.5012
    step 2400/5919  avg_loss=0.4972
    step 2450/5919  avg_loss=0.4988
    step 2500/5919  avg_loss=0.4992
    step 2550/5919  avg_loss=0.4955
    step 2600/5919  avg_loss=0.4930
    step 2650/5919  avg_loss=0.4892
    step 2700/5919  avg_loss=0.4865
    step 2750/5919  avg_loss=0.4840
    step 2800/5919  avg_loss=0.4806
    step 2850/5919  avg_loss=0.4780
    step 2900/5919  avg_loss=0.4753
    step 2950/5919  avg_loss=0.4744
    step 3000/5919  avg_loss=0.4724
    step 3050/5919  avg_loss=0.4713
    step 3100/5919  avg_loss=0.4700
    step 3150/5919  avg_loss=0.4685
    step 3200/5919  avg_loss=0.4652
    step 3250/5919  avg_loss=0.4621
    step 3300/5919  avg_loss=0.4597
    step 3350/5919  avg_loss=0.4583
    step 3400/5919  avg_loss=0.4559
    step 3450/5919  avg_loss=0.4541
    step 3500/5919  avg_loss=0.4518
    step 3550/5919  avg_loss=0.4504
    step 3600/5919  avg_loss=0.4484
    step 3650/5919  avg_loss=0.4453
    step 3700/5919  avg_loss=0.4409
    step 3750/5919  avg_loss=0.4403
    step 3800/5919  avg_loss=0.4391
    step 3850/5919  avg_loss=0.4367
    step 3900/5919  avg_loss=0.4358
    step 3950/5919  avg_loss=0.4335
    step 4000/5919  avg_loss=0.4303
    step 4050/5919  avg_loss=0.4307
    step 4100/5919  avg_loss=0.4294
    step 4150/5919  avg_loss=0.4281
    step 4200/5919  avg_loss=0.4271
    step 4250/5919  avg_loss=0.4249
    step 4300/5919  avg_loss=0.4235
    step 4350/5919  avg_loss=0.4215
    step 4400/5919  avg_loss=0.4203
    step 4450/5919  avg_loss=0.4184
    step 4500/5919  avg_loss=0.4160
    step 4550/5919  avg_loss=0.4157
    step 4600/5919  avg_loss=0.4144
    step 4650/5919  avg_loss=0.4131
    step 4700/5919  avg_loss=0.4126
    step 4750/5919  avg_loss=0.4112
    step 4800/5919  avg_loss=0.4096
    step 4850/5919  avg_loss=0.4078
    step 4900/5919  avg_loss=0.4071
    step 4950/5919  avg_loss=0.4044
    step 5000/5919  avg_loss=0.4026
    step 5050/5919  avg_loss=0.3998
    step 5100/5919  avg_loss=0.3987
    step 5150/5919  avg_loss=0.3985
    step 5200/5919  avg_loss=0.3980
    step 5250/5919  avg_loss=0.3982
    step 5300/5919  avg_loss=0.3982
    step 5350/5919  avg_loss=0.3980
    step 5400/5919  avg_loss=0.3968
    step 5450/5919  avg_loss=0.3954
    step 5500/5919  avg_loss=0.3935
    step 5550/5919  avg_loss=0.3919
    step 5600/5919  avg_loss=0.3903
    step 5650/5919  avg_loss=0.3901
    step 5700/5919  avg_loss=0.3885
    step 5750/5919  avg_loss=0.3880
    step 5800/5919  avg_loss=0.3867
    step 5850/5919  avg_loss=0.3874
    step 5900/5919  avg_loss=0.3860
  Train loss: 0.3852  (3999s)
  Val AUPRC:  0.8648  (148s)
Writing model shards:   0%|          | 0/1 [00:00<?, ?it/s]Writing model shards: 100%|██████████| 1/1 [00:00<00:00,  1.36it/s]Writing model shards: 100%|██████████| 1/1 [00:00<00:00,  1.36it/s]
  >> New best model saved (AUPRC=0.8648)

--- Epoch 2/5 ---
/oscar/data/class/biol1595_2595/students/ewang163/ptsd_env/lib/python3.13/site-packages/torch/utils/data/dataloader.py:624: UserWarning: This DataLoader will create 2 worker processes in total. Our suggested max number of worker in current system is 1, which is smaller than what this DataLoader is going to create. Please be aware that excessive worker creation might get DataLoader running slow or even freeze, lower the worker number to avoid potential slowness/freeze if necessary.
  warnings.warn(
    step 50/5919  avg_loss=0.1358
    step 100/5919  avg_loss=0.1986
    step 150/5919  avg_loss=0.2166
    step 200/5919  avg_loss=0.2204
    step 250/5919  avg_loss=0.2218
    step 300/5919  avg_loss=0.2244
    step 350/5919  avg_loss=0.2315
    step 400/5919  avg_loss=0.2448
    step 450/5919  avg_loss=0.2402
    step 500/5919  avg_loss=0.2373
    step 550/5919  avg_loss=0.2293
    step 600/5919  avg_loss=0.2379
    step 650/5919  avg_loss=0.2344
    step 700/5919  avg_loss=0.2338
    step 750/5919  avg_loss=0.2327
    step 800/5919  avg_loss=0.2336
    step 850/5919  avg_loss=0.2335
    step 900/5919  avg_loss=0.2398
    step 950/5919  avg_loss=0.2450
    step 1000/5919  avg_loss=0.2443
    step 1050/5919  avg_loss=0.2456
    step 1100/5919  avg_loss=0.2432
    step 1150/5919  avg_loss=0.2441
    step 1200/5919  avg_loss=0.2414
    step 1250/5919  avg_loss=0.2376
    step 1300/5919  avg_loss=0.2360
    step 1350/5919  avg_loss=0.2391
    step 1400/5919  avg_loss=0.2373
    step 1450/5919  avg_loss=0.2362
    step 1500/5919  avg_loss=0.2419
    step 1550/5919  avg_loss=0.2434
    step 1600/5919  avg_loss=0.2413
    step 1650/5919  avg_loss=0.2389
    step 1700/5919  avg_loss=0.2398
    step 1750/5919  avg_loss=0.2390
    step 1800/5919  avg_loss=0.2385
    step 1850/5919  avg_loss=0.2420
    step 1900/5919  avg_loss=0.2438
    step 1950/5919  avg_loss=0.2447
    step 2000/5919  avg_loss=0.2445
    step 2050/5919  avg_loss=0.2459
    step 2100/5919  avg_loss=0.2486
    step 2150/5919  avg_loss=0.2489
    step 2200/5919  avg_loss=0.2499
    step 2250/5919  avg_loss=0.2506
    step 2300/5919  avg_loss=0.2508
    step 2350/5919  avg_loss=0.2514
    step 2400/5919  avg_loss=0.2500
    step 2450/5919  avg_loss=0.2482
    step 2500/5919  avg_loss=0.2471
    step 2550/5919  avg_loss=0.2444
    step 2600/5919  avg_loss=0.2453
    step 2650/5919  avg_loss=0.2477
    step 2700/5919  avg_loss=0.2496
    step 2750/5919  avg_loss=0.2492
    step 2800/5919  avg_loss=0.2487
    step 2850/5919  avg_loss=0.2475
    step 2900/5919  avg_loss=0.2475
    step 2950/5919  avg_loss=0.2486
    step 3000/5919  avg_loss=0.2481
    step 3050/5919  avg_loss=0.2494
    step 3100/5919  avg_loss=0.2490
    step 3150/5919  avg_loss=0.2478
    step 3200/5919  avg_loss=0.2471
    step 3250/5919  avg_loss=0.2477
    step 3300/5919  avg_loss=0.2482
    step 3350/5919  avg_loss=0.2475
    step 3400/5919  avg_loss=0.2485
    step 3450/5919  avg_loss=0.2490
    step 3500/5919  avg_loss=0.2498
    step 3550/5919  avg_loss=0.2497
    step 3600/5919  avg_loss=0.2491
    step 3650/5919  avg_loss=0.2481
    step 3700/5919  avg_loss=0.2488
    step 3750/5919  avg_loss=0.2482
    step 3800/5919  avg_loss=0.2486
    step 3850/5919  avg_loss=0.2473
    step 3900/5919  avg_loss=0.2473
    step 3950/5919  avg_loss=0.2482
    step 4000/5919  avg_loss=0.2471
    step 4050/5919  avg_loss=0.2466
    step 4100/5919  avg_loss=0.2480
    step 4150/5919  avg_loss=0.2482
    step 4200/5919  avg_loss=0.2480
    step 4250/5919  avg_loss=0.2482
    step 4300/5919  avg_loss=0.2489
    step 4350/5919  avg_loss=0.2497
    step 4400/5919  avg_loss=0.2493
    step 4450/5919  avg_loss=0.2489
    step 4500/5919  avg_loss=0.2486
    step 4550/5919  avg_loss=0.2487
    step 4600/5919  avg_loss=0.2493
    step 4650/5919  avg_loss=0.2500
    step 4700/5919  avg_loss=0.2498
    step 4750/5919  avg_loss=0.2499
    step 4800/5919  avg_loss=0.2504
    step 4850/5919  avg_loss=0.2507
    step 4900/5919  avg_loss=0.2505
    step 4950/5919  avg_loss=0.2492
    step 5000/5919  avg_loss=0.2484
    step 5050/5919  avg_loss=0.2478
    step 5100/5919  avg_loss=0.2477
    step 5150/5919  avg_loss=0.2477
    step 5200/5919  avg_loss=0.2465
    step 5250/5919  avg_loss=0.2468
    step 5300/5919  avg_loss=0.2460
    step 5350/5919  avg_loss=0.2460
    step 5400/5919  avg_loss=0.2464
    step 5450/5919  avg_loss=0.2467
    step 5500/5919  avg_loss=0.2460
    step 5550/5919  avg_loss=0.2457
    step 5600/5919  avg_loss=0.2452
    step 5650/5919  avg_loss=0.2450
    step 5700/5919  avg_loss=0.2454
    step 5750/5919  avg_loss=0.2455
    step 5800/5919  avg_loss=0.2460
    step 5850/5919  avg_loss=0.2458
    step 5900/5919  avg_loss=0.2455
  Train loss: 0.2459  (4026s)
  Val AUPRC:  0.8698  (147s)
Writing model shards:   0%|          | 0/1 [00:00<?, ?it/s]Writing model shards: 100%|██████████| 1/1 [00:00<00:00,  1.29it/s]Writing model shards: 100%|██████████| 1/1 [00:00<00:00,  1.29it/s]
  >> New best model saved (AUPRC=0.8698)

--- Epoch 3/5 ---
/oscar/data/class/biol1595_2595/students/ewang163/ptsd_env/lib/python3.13/site-packages/torch/utils/data/dataloader.py:624: UserWarning: This DataLoader will create 2 worker processes in total. Our suggested max number of worker in current system is 1, which is smaller than what this DataLoader is going to create. Please be aware that excessive worker creation might get DataLoader running slow or even freeze, lower the worker number to avoid potential slowness/freeze if necessary.
  warnings.warn(
    step 50/5919  avg_loss=0.1864
    step 100/5919  avg_loss=0.2080
    step 150/5919  avg_loss=0.1911
    step 200/5919  avg_loss=0.1823
    step 250/5919  avg_loss=0.1778
    step 300/5919  avg_loss=0.1727
    step 350/5919  avg_loss=0.2066
    step 400/5919  avg_loss=0.2058
    step 450/5919  avg_loss=0.2190
    step 500/5919  avg_loss=0.2138
    step 550/5919  avg_loss=0.2083
    step 600/5919  avg_loss=0.2110
    step 650/5919  avg_loss=0.2153
    step 700/5919  avg_loss=0.2225
    step 750/5919  avg_loss=0.2241
    step 800/5919  avg_loss=0.2261
    step 850/5919  avg_loss=0.2215
    step 900/5919  avg_loss=0.2194
    step 950/5919  avg_loss=0.2153
    step 1000/5919  avg_loss=0.2154
    step 1050/5919  avg_loss=0.2143
    step 1100/5919  avg_loss=0.2124
    step 1150/5919  avg_loss=0.2135
    step 1200/5919  avg_loss=0.2102
    step 1250/5919  avg_loss=0.2123
    step 1300/5919  avg_loss=0.2123
    step 1350/5919  avg_loss=0.2156
    step 1400/5919  avg_loss=0.2150
    step 1450/5919  avg_loss=0.2126
    step 1500/5919  avg_loss=0.2107
    step 1550/5919  avg_loss=0.2114
    step 1600/5919  avg_loss=0.2086
    step 1650/5919  avg_loss=0.2093
    step 1700/5919  avg_loss=0.2070
    step 1750/5919  avg_loss=0.2068
    step 1800/5919  avg_loss=0.2066
    step 1850/5919  avg_loss=0.2099
    step 1900/5919  avg_loss=0.2059
    step 1950/5919  avg_loss=0.2036
    step 2000/5919  avg_loss=0.2041
    step 2050/5919  avg_loss=0.2017
    step 2100/5919  avg_loss=0.2039
    step 2150/5919  avg_loss=0.2062
    step 2200/5919  avg_loss=0.2062
    step 2250/5919  avg_loss=0.2085
    step 2300/5919  avg_loss=0.2091
    step 2350/5919  avg_loss=0.2098
    step 2400/5919  avg_loss=0.2115
    step 2450/5919  avg_loss=0.2166
    step 2500/5919  avg_loss=0.2172
    step 2550/5919  avg_loss=0.2178
    step 2600/5919  avg_loss=0.2200
    step 2650/5919  avg_loss=0.2188
    step 2700/5919  avg_loss=0.2173
    step 2750/5919  avg_loss=0.2187
    step 2800/5919  avg_loss=0.2184
    step 2850/5919  avg_loss=0.2176
    step 2900/5919  avg_loss=0.2161
    step 2950/5919  avg_loss=0.2152
    step 3000/5919  avg_loss=0.2162
    step 3050/5919  avg_loss=0.2163
    step 3100/5919  avg_loss=0.2166
    step 3150/5919  avg_loss=0.2163
    step 3200/5919  avg_loss=0.2178
    step 3250/5919  avg_loss=0.2163
    step 3300/5919  avg_loss=0.2155
    step 3350/5919  avg_loss=0.2140
    step 3400/5919  avg_loss=0.2133
    step 3450/5919  avg_loss=0.2138
    step 3500/5919  avg_loss=0.2149
    step 3550/5919  avg_loss=0.2146
    step 3600/5919  avg_loss=0.2136
    step 3650/5919  avg_loss=0.2140
    step 3700/5919  avg_loss=0.2152
    step 3750/5919  avg_loss=0.2153
    step 3800/5919  avg_loss=0.2160
    step 3850/5919  avg_loss=0.2159
    step 3900/5919  avg_loss=0.2178
    step 3950/5919  avg_loss=0.2173
    step 4000/5919  avg_loss=0.2165
    step 4050/5919  avg_loss=0.2165
    step 4100/5919  avg_loss=0.2163
    step 4150/5919  avg_loss=0.2177
    step 4200/5919  avg_loss=0.2186
    step 4250/5919  avg_loss=0.2182
    step 4300/5919  avg_loss=0.2174
    step 4350/5919  avg_loss=0.2182
    step 4400/5919  avg_loss=0.2185
    step 4450/5919  avg_loss=0.2170
    step 4500/5919  avg_loss=0.2166
    step 4550/5919  avg_loss=0.2161
    step 4600/5919  avg_loss=0.2170
    step 4650/5919  avg_loss=0.2169
    step 4700/5919  avg_loss=0.2168
    step 4750/5919  avg_loss=0.2161
    step 4800/5919  avg_loss=0.2166
    step 4850/5919  avg_loss=0.2165
    step 4900/5919  avg_loss=0.2160
    step 4950/5919  avg_loss=0.2169
    step 5000/5919  avg_loss=0.2163
    step 5050/5919  avg_loss=0.2164
    step 5100/5919  avg_loss=0.2154
    step 5150/5919  avg_loss=0.2161
    step 5200/5919  avg_loss=0.2166
    step 5250/5919  avg_loss=0.2162
    step 5300/5919  avg_loss=0.2153
    step 5350/5919  avg_loss=0.2143
    step 5400/5919  avg_loss=0.2157
    step 5450/5919  avg_loss=0.2151
    step 5500/5919  avg_loss=0.2151
    step 5550/5919  avg_loss=0.2146
    step 5600/5919  avg_loss=0.2143
    step 5650/5919  avg_loss=0.2139
    step 5700/5919  avg_loss=0.2137
    step 5750/5919  avg_loss=0.2134
    step 5800/5919  avg_loss=0.2132
    step 5850/5919  avg_loss=0.2133
    step 5900/5919  avg_loss=0.2137
  Train loss: 0.2135  (3999s)
  Val AUPRC:  0.8826  (148s)
Writing model shards:   0%|          | 0/1 [00:00<?, ?it/s]Writing model shards: 100%|██████████| 1/1 [00:00<00:00,  1.21it/s]Writing model shards: 100%|██████████| 1/1 [00:00<00:00,  1.21it/s]
  >> New best model saved (AUPRC=0.8826)

--- Epoch 4/5 ---
/oscar/data/class/biol1595_2595/students/ewang163/ptsd_env/lib/python3.13/site-packages/torch/utils/data/dataloader.py:624: UserWarning: This DataLoader will create 2 worker processes in total. Our suggested max number of worker in current system is 1, which is smaller than what this DataLoader is going to create. Please be aware that excessive worker creation might get DataLoader running slow or even freeze, lower the worker number to avoid potential slowness/freeze if necessary.
  warnings.warn(
    step 50/5919  avg_loss=0.3124
    step 100/5919  avg_loss=0.2434
    step 150/5919  avg_loss=0.2135
    step 200/5919  avg_loss=0.2174
    step 250/5919  avg_loss=0.2251
    step 300/5919  avg_loss=0.2176
    step 350/5919  avg_loss=0.2091
    step 400/5919  avg_loss=0.2187
    step 450/5919  avg_loss=0.2144
    step 500/5919  avg_loss=0.2099
    step 550/5919  avg_loss=0.2013
    step 600/5919  avg_loss=0.1975
    step 650/5919  avg_loss=0.1981
    step 700/5919  avg_loss=0.2060
    step 750/5919  avg_loss=0.2133
    step 800/5919  avg_loss=0.2087
    step 850/5919  avg_loss=0.2127
    step 900/5919  avg_loss=0.2114
    step 950/5919  avg_loss=0.2156
    step 1000/5919  avg_loss=0.2141
    step 1050/5919  avg_loss=0.2158
    step 1100/5919  avg_loss=0.2194
    step 1150/5919  avg_loss=0.2186
    step 1200/5919  avg_loss=0.2178
    step 1250/5919  avg_loss=0.2146
    step 1300/5919  avg_loss=0.2129
    step 1350/5919  avg_loss=0.2127
    step 1400/5919  avg_loss=0.2142
    step 1450/5919  avg_loss=0.2151
    step 1500/5919  avg_loss=0.2137
    step 1550/5919  avg_loss=0.2117
    step 1600/5919  avg_loss=0.2081
    step 1650/5919  avg_loss=0.2068
    step 1700/5919  avg_loss=0.2050
    step 1750/5919  avg_loss=0.2075
    step 1800/5919  avg_loss=0.2073
    step 1850/5919  avg_loss=0.2085
    step 1900/5919  avg_loss=0.2055
    step 1950/5919  avg_loss=0.2050
    step 2000/5919  avg_loss=0.2027
    step 2050/5919  avg_loss=0.2025
    step 2100/5919  avg_loss=0.2039
    step 2150/5919  avg_loss=0.2017
    step 2200/5919  avg_loss=0.2007
    step 2250/5919  avg_loss=0.2027
    step 2300/5919  avg_loss=0.2016
    step 2350/5919  avg_loss=0.2029
    step 2400/5919  avg_loss=0.2030
    step 2450/5919  avg_loss=0.2028
    step 2500/5919  avg_loss=0.2006
    step 2550/5919  avg_loss=0.1999
    step 2600/5919  avg_loss=0.1994
    step 2650/5919  avg_loss=0.1971
    step 2700/5919  avg_loss=0.1970
    step 2750/5919  avg_loss=0.1961
    step 2800/5919  avg_loss=0.1947
    step 2850/5919  avg_loss=0.1941
    step 2900/5919  avg_loss=0.1943
    step 2950/5919  avg_loss=0.1939
    step 3000/5919  avg_loss=0.1939
    step 3050/5919  avg_loss=0.1929
    step 3100/5919  avg_loss=0.1918
    step 3150/5919  avg_loss=0.1909
    step 3200/5919  avg_loss=0.1899
    step 3250/5919  avg_loss=0.1896
    step 3300/5919  avg_loss=0.1884
    step 3350/5919  avg_loss=0.1873
    step 3400/5919  avg_loss=0.1895
    step 3450/5919  avg_loss=0.1891
    step 3500/5919  avg_loss=0.1890
    step 3550/5919  avg_loss=0.1897
    step 3600/5919  avg_loss=0.1887
    step 3650/5919  avg_loss=0.1877
    step 3700/5919  avg_loss=0.1863
    step 3750/5919  avg_loss=0.1870
    step 3800/5919  avg_loss=0.1876
    step 3850/5919  avg_loss=0.1888
    step 3900/5919  avg_loss=0.1876
    step 3950/5919  avg_loss=0.1873
    step 4000/5919  avg_loss=0.1881
    step 4050/5919  avg_loss=0.1876
    step 4100/5919  avg_loss=0.1881
    step 4150/5919  avg_loss=0.1865
    step 4200/5919  avg_loss=0.1865
    step 4250/5919  avg_loss=0.1865
    step 4300/5919  avg_loss=0.1860
    step 4350/5919  avg_loss=0.1857
    step 4400/5919  avg_loss=0.1859
    step 4450/5919  avg_loss=0.1860
    step 4500/5919  avg_loss=0.1847
    step 4550/5919  avg_loss=0.1858
    step 4600/5919  avg_loss=0.1862
    step 4650/5919  avg_loss=0.1867
    step 4700/5919  avg_loss=0.1865
    step 4750/5919  avg_loss=0.1863
    step 4800/5919  avg_loss=0.1859
    step 4850/5919  avg_loss=0.1861
    step 4900/5919  avg_loss=0.1874
    step 4950/5919  avg_loss=0.1866
    step 5000/5919  avg_loss=0.1873
    step 5050/5919  avg_loss=0.1865
    step 5100/5919  avg_loss=0.1856
    step 5150/5919  avg_loss=0.1858
    step 5200/5919  avg_loss=0.1854
    step 5250/5919  avg_loss=0.1847
    step 5300/5919  avg_loss=0.1842
    step 5350/5919  avg_loss=0.1840
    step 5400/5919  avg_loss=0.1845
    step 5450/5919  avg_loss=0.1841
    step 5500/5919  avg_loss=0.1837
    step 5550/5919  avg_loss=0.1839
    step 5600/5919  avg_loss=0.1835
    step 5650/5919  avg_loss=0.1830
    step 5700/5919  avg_loss=0.1834
    step 5750/5919  avg_loss=0.1845
    step 5800/5919  avg_loss=0.1845
    step 5850/5919  avg_loss=0.1848
    step 5900/5919  avg_loss=0.1841
  Train loss: 0.1841  (4003s)
  Val AUPRC:  0.8799  (148s)

--- Epoch 5/5 ---
/oscar/data/class/biol1595_2595/students/ewang163/ptsd_env/lib/python3.13/site-packages/torch/utils/data/dataloader.py:624: UserWarning: This DataLoader will create 2 worker processes in total. Our suggested max number of worker in current system is 1, which is smaller than what this DataLoader is going to create. Please be aware that excessive worker creation might get DataLoader running slow or even freeze, lower the worker number to avoid potential slowness/freeze if necessary.
  warnings.warn(
    step 50/5919  avg_loss=0.1247
    step 100/5919  avg_loss=0.1009
    step 150/5919  avg_loss=0.1079
    step 200/5919  avg_loss=0.1272
    step 250/5919  avg_loss=0.1201
    step 300/5919  avg_loss=0.1130
    step 350/5919  avg_loss=0.1321
    step 400/5919  avg_loss=0.1335
    step 450/5919  avg_loss=0.1427
    step 500/5919  avg_loss=0.1433
    step 550/5919  avg_loss=0.1491
    step 600/5919  avg_loss=0.1457
    step 650/5919  avg_loss=0.1459
    step 700/5919  avg_loss=0.1558
    step 750/5919  avg_loss=0.1525
    step 800/5919  avg_loss=0.1477
    step 850/5919  avg_loss=0.1457
    step 900/5919  avg_loss=0.1434
    step 950/5919  avg_loss=0.1450
    step 1000/5919  avg_loss=0.1498
    step 1050/5919  avg_loss=0.1481
    step 1100/5919  avg_loss=0.1481
    step 1150/5919  avg_loss=0.1489
    step 1200/5919  avg_loss=0.1449
    step 1250/5919  avg_loss=0.1431
    step 1300/5919  avg_loss=0.1414
    step 1350/5919  avg_loss=0.1424
    step 1400/5919  avg_loss=0.1427
    step 1450/5919  avg_loss=0.1417
    step 1500/5919  avg_loss=0.1414
    step 1550/5919  avg_loss=0.1404
    step 1600/5919  avg_loss=0.1397
    step 1650/5919  avg_loss=0.1426
    step 1700/5919  avg_loss=0.1400
    step 1750/5919  avg_loss=0.1400
    step 1800/5919  avg_loss=0.1393
    step 1850/5919  avg_loss=0.1372
    step 1900/5919  avg_loss=0.1376
    step 1950/5919  avg_loss=0.1394
    step 2000/5919  avg_loss=0.1423
    step 2050/5919  avg_loss=0.1438
    step 2100/5919  avg_loss=0.1425
    step 2150/5919  avg_loss=0.1423
    step 2200/5919  avg_loss=0.1437
    step 2250/5919  avg_loss=0.1431
    step 2300/5919  avg_loss=0.1417
    step 2350/5919  avg_loss=0.1407
    step 2400/5919  avg_loss=0.1400
    step 2450/5919  avg_loss=0.1420
    step 2500/5919  avg_loss=0.1436
    step 2550/5919  avg_loss=0.1456
    step 2600/5919  avg_loss=0.1460
    step 2650/5919  avg_loss=0.1445
    step 2700/5919  avg_loss=0.1439
    step 2750/5919  avg_loss=0.1449
    step 2800/5919  avg_loss=0.1444
    step 2850/5919  avg_loss=0.1437
    step 2900/5919  avg_loss=0.1446
    step 2950/5919  avg_loss=0.1436
    step 3000/5919  avg_loss=0.1439
    step 3050/5919  avg_loss=0.1427
    step 3100/5919  avg_loss=0.1439
    step 3150/5919  avg_loss=0.1423
    step 3200/5919  avg_loss=0.1418
    step 3250/5919  avg_loss=0.1408
    step 3300/5919  avg_loss=0.1402
    step 3350/5919  avg_loss=0.1395
    step 3400/5919  avg_loss=0.1398
    step 3450/5919  avg_loss=0.1400
    step 3500/5919  avg_loss=0.1398
    step 3550/5919  avg_loss=0.1395
    step 3600/5919  avg_loss=0.1409
    step 3650/5919  avg_loss=0.1421
    step 3700/5919  avg_loss=0.1437
    step 3750/5919  avg_loss=0.1430
    step 3800/5919  avg_loss=0.1444
    step 3850/5919  avg_loss=0.1446
    step 3900/5919  avg_loss=0.1453
    step 3950/5919  avg_loss=0.1467
    step 4000/5919  avg_loss=0.1467
    step 4050/5919  avg_loss=0.1460
    step 4100/5919  avg_loss=0.1476
    step 4150/5919  avg_loss=0.1483
    step 4200/5919  avg_loss=0.1479
    step 4250/5919  avg_loss=0.1479
    step 4300/5919  avg_loss=0.1480
    step 4350/5919  avg_loss=0.1483
    step 4400/5919  avg_loss=0.1485
    step 4450/5919  avg_loss=0.1484
    step 4500/5919  avg_loss=0.1488
    step 4550/5919  avg_loss=0.1505
    step 4600/5919  avg_loss=0.1495
    step 4650/5919  avg_loss=0.1493
    step 4700/5919  avg_loss=0.1495
    step 4750/5919  avg_loss=0.1500
    step 4800/5919  avg_loss=0.1500
    step 4850/5919  avg_loss=0.1499
    step 4900/5919  avg_loss=0.1502
    step 4950/5919  avg_loss=0.1500
    step 5000/5919  avg_loss=0.1497
    step 5050/5919  avg_loss=0.1491
    step 5100/5919  avg_loss=0.1490
    step 5150/5919  avg_loss=0.1492
    step 5200/5919  avg_loss=0.1490
    step 5250/5919  avg_loss=0.1486
    step 5300/5919  avg_loss=0.1485
    step 5350/5919  avg_loss=0.1492
    step 5400/5919  avg_loss=0.1484
    step 5450/5919  avg_loss=0.1488
    step 5500/5919  avg_loss=0.1481
    step 5550/5919  avg_loss=0.1479
    step 5600/5919  avg_loss=0.1488
    step 5650/5919  avg_loss=0.1491
    step 5700/5919  avg_loss=0.1487
    step 5750/5919  avg_loss=0.1491
    step 5800/5919  avg_loss=0.1486
    step 5850/5919  avg_loss=0.1479
    step 5900/5919  avg_loss=0.1478
  Train loss: 0.1475  (4005s)
  Val AUPRC:  0.8744  (149s)
  [BENCH] train_longformer/full_training: 20775.3s wall, 20323.3s cpu, 1.99 GB peak, 5.7709 GPU-h

Training config saved → /oscar/data/class/biol1595_2595/students/ewang163/models/ewang163_longformer_best_pip005/training_config.json
Training log saved → /oscar/data/class/biol1595_2595/students/ewang163/results/metrics/ewang163_longformer_training_log_pip005.csv

=================================================================
TRAINING COMPLETE
=================================================================
  Best validation AUPRC: 0.8826
  Best checkpoint: /oscar/data/class/biol1595_2595/students/ewang163/models/ewang163_longformer_best_pip005
  Class prior pi_p: 0.0500
 epoch  train_loss  val_auprc  train_time_s  val_time_s
     1    0.385196   0.864777        3998.9       148.4
     2    0.245887   0.869832        4026.0       147.4
     3    0.213522   0.882569        3999.5       147.5
     4    0.184057   0.879879        4003.4       147.6
     5    0.147493   0.874400        4005.1       149.1

Done.
