## SLURM PROLOG ###############################################################
##    Job ID : 1699161
##  Job Name : lf_temporal
##  Nodelist : gpu3001
##      CPUs : 
##  Mem/Node : 32768 MB
## Directory : /oscar/data/class/biol1595_2595/students/ewang163
##   Job Started : Thu Apr 16 09:43:40 PM EDT 2026
###############################################################################
=================================================================
PTSD NLP — Clinical Longformer + PU Loss Training
=================================================================
Warning: You are sending unauthenticated requests to the HF Hub. Please set a HF_TOKEN to enable higher rate limits and faster downloads.

Device: cuda
  GPU: NVIDIA L40S
  Memory: 47.7 GB

[1/4] Loading data ...
  Splits: /oscar/data/class/biol1595_2595/students/ewang163/data/splits/ewang163_split_train_temporal.parquet
  Computed class prior pi_p = 0.4249 (from training data)
  Train: 11,134 rows  (pos=4,731, unl=6,403)
  Val:   1,270 rows

[2/4] Loading Clinical Longformer ...
Loading weights:   0%|          | 0/269 [00:00<?, ?it/s]Loading weights: 100%|██████████| 269/269 [00:00<00:00, 45350.21it/s]
[1mLongformerForSequenceClassification LOAD REPORT[0m from: yikuan8/Clinical-Longformer
Key                                | Status     | 
-----------------------------------+------------+-
lm_head.layer_norm.bias            | UNEXPECTED | 
lm_head.layer_norm.weight          | UNEXPECTED | 
lm_head.dense.bias                 | UNEXPECTED | 
lm_head.decoder.bias               | UNEXPECTED | 
lm_head.bias                       | UNEXPECTED | 
longformer.embeddings.position_ids | UNEXPECTED | 
lm_head.decoder.weight             | UNEXPECTED | 
lm_head.dense.weight               | UNEXPECTED | 
classifier.dense.bias              | MISSING    | 
classifier.dense.weight            | MISSING    | 
classifier.out_proj.bias           | MISSING    | 
classifier.out_proj.weight         | MISSING    | 

Notes:
- UNEXPECTED:	can be ignored when loading from different task/architecture; not ok if you expect identical arch.
- MISSING:	those params were newly initialized because missing from the checkpoint. Consider training on your downstream task.
/oscar/data/class/biol1595_2595/students/ewang163/ptsd_env/lib/python3.13/site-packages/torch/utils/data/dataloader.py:624: UserWarning: This DataLoader will create 2 worker processes in total. Our suggested max number of worker in current system is 1, which is smaller than what this DataLoader is going to create. Please be aware that excessive worker creation might get DataLoader running slow or even freeze, lower the worker number to avoid potential slowness/freeze if necessary.
  warnings.warn(
  Parameters: 148,660,994 total, 148,660,994 trainable
  Gradient checkpointing: enabled
  Mixed precision (fp16): enabled

[3/4] Preparing datasets ...
  Total optimizer steps: 1,735
  Warmup steps: 173

[4/4] Training ...

--- Epoch 1/5 ---
Initializing global attention on CLS token...
    step 50/5567  avg_loss=0.7029
    step 100/5567  avg_loss=0.7014
    step 150/5567  avg_loss=0.7023
    step 200/5567  avg_loss=0.7045
    step 250/5567  avg_loss=0.7021
    step 300/5567  avg_loss=0.6987
    step 350/5567  avg_loss=0.6975
    step 400/5567  avg_loss=0.6956
    step 450/5567  avg_loss=0.6887
    step 500/5567  avg_loss=0.6874
    step 550/5567  avg_loss=0.6865
    step 600/5567  avg_loss=0.6836
    step 650/5567  avg_loss=0.6807
    step 700/5567  avg_loss=0.6783
    step 750/5567  avg_loss=0.6749
    step 800/5567  avg_loss=0.6747
    step 850/5567  avg_loss=0.6738
    step 900/5567  avg_loss=0.6721
    step 950/5567  avg_loss=0.6712
    step 1000/5567  avg_loss=0.6698
    step 1050/5567  avg_loss=0.6682
    step 1100/5567  avg_loss=0.6677
    step 1150/5567  avg_loss=0.6659
    step 1200/5567  avg_loss=0.6671
    step 1250/5567  avg_loss=0.6668
    step 1300/5567  avg_loss=0.6663
    step 1350/5567  avg_loss=0.6633
    step 1400/5567  avg_loss=0.6614
    step 1450/5567  avg_loss=0.6592
    step 1500/5567  avg_loss=0.6601
    step 1550/5567  avg_loss=0.6573
    step 1600/5567  avg_loss=0.6544
    step 1650/5567  avg_loss=0.6521
    step 1700/5567  avg_loss=0.6517
    step 1750/5567  avg_loss=0.6496
    step 1800/5567  avg_loss=0.6487
    step 1850/5567  avg_loss=0.6454
    step 1900/5567  avg_loss=0.6412
    step 1950/5567  avg_loss=0.6384
    step 2000/5567  avg_loss=0.6353
    step 2050/5567  avg_loss=0.6309
    step 2100/5567  avg_loss=0.6278
    step 2150/5567  avg_loss=0.6237
    step 2200/5567  avg_loss=0.6197
    step 2250/5567  avg_loss=0.6197
    step 2300/5567  avg_loss=0.6154
    step 2350/5567  avg_loss=0.6123
    step 2400/5567  avg_loss=0.6082
    step 2450/5567  avg_loss=0.6056
    step 2500/5567  avg_loss=0.6026
    step 2550/5567  avg_loss=0.5991
    step 2600/5567  avg_loss=0.5954
    step 2650/5567  avg_loss=0.5944
    step 2700/5567  avg_loss=0.5925
    step 2750/5567  avg_loss=0.5910
    step 2800/5567  avg_loss=0.5871
    step 2850/5567  avg_loss=0.5838
    step 2900/5567  avg_loss=0.5798
    step 2950/5567  avg_loss=0.5783
    step 3000/5567  avg_loss=0.5758
    step 3050/5567  avg_loss=0.5728
    step 3100/5567  avg_loss=0.5702
    step 3150/5567  avg_loss=0.5678
    step 3200/5567  avg_loss=0.5642
    step 3250/5567  avg_loss=0.5617
    step 3300/5567  avg_loss=0.5587
    step 3350/5567  avg_loss=0.5560
    step 3400/5567  avg_loss=0.5540
    step 3450/5567  avg_loss=0.5521
    step 3500/5567  avg_loss=0.5501
    step 3550/5567  avg_loss=0.5473
    step 3600/5567  avg_loss=0.5444
    step 3650/5567  avg_loss=0.5423
    step 3700/5567  avg_loss=0.5390
    step 3750/5567  avg_loss=0.5377
    step 3800/5567  avg_loss=0.5357
    step 3850/5567  avg_loss=0.5336
    step 3900/5567  avg_loss=0.5302
    step 3950/5567  avg_loss=0.5285
    step 4000/5567  avg_loss=0.5271
    step 4050/5567  avg_loss=0.5254
    step 4100/5567  avg_loss=0.5256
    step 4150/5567  avg_loss=0.5240
    step 4200/5567  avg_loss=0.5226
    step 4250/5567  avg_loss=0.5199
    step 4300/5567  avg_loss=0.5180
    step 4350/5567  avg_loss=0.5165
    step 4400/5567  avg_loss=0.5140
    step 4450/5567  avg_loss=0.5121
    step 4500/5567  avg_loss=0.5106
    step 4550/5567  avg_loss=0.5089
    step 4600/5567  avg_loss=0.5073
    step 4650/5567  avg_loss=0.5059
    step 4700/5567  avg_loss=0.5045
    step 4750/5567  avg_loss=0.5028
    step 4800/5567  avg_loss=0.5004
    step 4850/5567  avg_loss=0.5002
    step 4900/5567  avg_loss=0.4989
    step 4950/5567  avg_loss=0.4979
    step 5000/5567  avg_loss=0.4960
    step 5050/5567  avg_loss=0.4943
    step 5100/5567  avg_loss=0.4925
    step 5150/5567  avg_loss=0.4914
    step 5200/5567  avg_loss=0.4910
    step 5250/5567  avg_loss=0.4893
    step 5300/5567  avg_loss=0.4879
    step 5350/5567  avg_loss=0.4871
    step 5400/5567  avg_loss=0.4863
    step 5450/5567  avg_loss=0.4846
    step 5500/5567  avg_loss=0.4835
    step 5550/5567  avg_loss=0.4824
  Train loss: 0.4817  (3753s)
  Val AUPRC:  0.8649  (129s)
Writing model shards:   0%|          | 0/1 [00:00<?, ?it/s]Writing model shards: 100%|██████████| 1/1 [00:00<00:00,  1.58it/s]Writing model shards: 100%|██████████| 1/1 [00:00<00:00,  1.58it/s]
  >> New best model saved (AUPRC=0.8649)

--- Epoch 2/5 ---
/oscar/data/class/biol1595_2595/students/ewang163/ptsd_env/lib/python3.13/site-packages/torch/utils/data/dataloader.py:624: UserWarning: This DataLoader will create 2 worker processes in total. Our suggested max number of worker in current system is 1, which is smaller than what this DataLoader is going to create. Please be aware that excessive worker creation might get DataLoader running slow or even freeze, lower the worker number to avoid potential slowness/freeze if necessary.
  warnings.warn(
    step 50/5567  avg_loss=0.4093
    step 100/5567  avg_loss=0.3602
    step 150/5567  avg_loss=0.3303
    step 200/5567  avg_loss=0.3104
    step 250/5567  avg_loss=0.3036
    step 300/5567  avg_loss=0.3114
    step 350/5567  avg_loss=0.2947
    step 400/5567  avg_loss=0.3006
    step 450/5567  avg_loss=0.2977
    step 500/5567  avg_loss=0.3018
    step 550/5567  avg_loss=0.2990
    step 600/5567  avg_loss=0.3005
    step 650/5567  avg_loss=0.2991
    step 700/5567  avg_loss=0.2991
    step 750/5567  avg_loss=0.2930
    step 800/5567  avg_loss=0.2946
    step 850/5567  avg_loss=0.2995
    step 900/5567  avg_loss=0.2991
    step 950/5567  avg_loss=0.2977
    step 1000/5567  avg_loss=0.3030
    step 1050/5567  avg_loss=0.3034
    step 1100/5567  avg_loss=0.3069
    step 1150/5567  avg_loss=0.3106
    step 1200/5567  avg_loss=0.3091
    step 1250/5567  avg_loss=0.3113
    step 1300/5567  avg_loss=0.3121
    step 1350/5567  avg_loss=0.3138
    step 1400/5567  avg_loss=0.3184
    step 1450/5567  avg_loss=0.3244
    step 1500/5567  avg_loss=0.3227
    step 1550/5567  avg_loss=0.3275
    step 1600/5567  avg_loss=0.3308
    step 1650/5567  avg_loss=0.3327
    step 1700/5567  avg_loss=0.3372
    step 1750/5567  avg_loss=0.3361
    step 1800/5567  avg_loss=0.3338
    step 1850/5567  avg_loss=0.3340
    step 1900/5567  avg_loss=0.3338
    step 1950/5567  avg_loss=0.3336
    step 2000/5567  avg_loss=0.3321
    step 2050/5567  avg_loss=0.3328
    step 2100/5567  avg_loss=0.3317
    step 2150/5567  avg_loss=0.3316
    step 2200/5567  avg_loss=0.3324
    step 2250/5567  avg_loss=0.3343
    step 2300/5567  avg_loss=0.3352
    step 2350/5567  avg_loss=0.3351
    step 2400/5567  avg_loss=0.3331
    step 2450/5567  avg_loss=0.3331
    step 2500/5567  avg_loss=0.3328
    step 2550/5567  avg_loss=0.3345
    step 2600/5567  avg_loss=0.3332
    step 2650/5567  avg_loss=0.3334
    step 2700/5567  avg_loss=0.3318
    step 2750/5567  avg_loss=0.3311
    step 2800/5567  avg_loss=0.3315
    step 2850/5567  avg_loss=0.3318
    step 2900/5567  avg_loss=0.3318
    step 2950/5567  avg_loss=0.3323
    step 3000/5567  avg_loss=0.3333
    step 3050/5567  avg_loss=0.3335
    step 3100/5567  avg_loss=0.3320
    step 3150/5567  avg_loss=0.3316
    step 3200/5567  avg_loss=0.3294
    step 3250/5567  avg_loss=0.3304
    step 3300/5567  avg_loss=0.3303
    step 3350/5567  avg_loss=0.3305
    step 3400/5567  avg_loss=0.3290
    step 3450/5567  avg_loss=0.3277
    step 3500/5567  avg_loss=0.3275
    step 3550/5567  avg_loss=0.3280
    step 3600/5567  avg_loss=0.3282
    step 3650/5567  avg_loss=0.3278
    step 3700/5567  avg_loss=0.3286
    step 3750/5567  avg_loss=0.3276
    step 3800/5567  avg_loss=0.3274
    step 3850/5567  avg_loss=0.3276
    step 3900/5567  avg_loss=0.3278
    step 3950/5567  avg_loss=0.3266
    step 4000/5567  avg_loss=0.3256
    step 4050/5567  avg_loss=0.3248
    step 4100/5567  avg_loss=0.3246
    step 4150/5567  avg_loss=0.3249
    step 4200/5567  avg_loss=0.3244
    step 4250/5567  avg_loss=0.3244
    step 4300/5567  avg_loss=0.3244
    step 4350/5567  avg_loss=0.3248
    step 4400/5567  avg_loss=0.3246
    step 4450/5567  avg_loss=0.3256
    step 4500/5567  avg_loss=0.3249
    step 4550/5567  avg_loss=0.3241
    step 4600/5567  avg_loss=0.3235
    step 4650/5567  avg_loss=0.3241
    step 4700/5567  avg_loss=0.3250
    step 4750/5567  avg_loss=0.3246
    step 4800/5567  avg_loss=0.3239
    step 4850/5567  avg_loss=0.3239
    step 4900/5567  avg_loss=0.3235
    step 4950/5567  avg_loss=0.3242
    step 5000/5567  avg_loss=0.3234
    step 5050/5567  avg_loss=0.3238
    step 5100/5567  avg_loss=0.3239
    step 5150/5567  avg_loss=0.3234
    step 5200/5567  avg_loss=0.3246
    step 5250/5567  avg_loss=0.3239
    step 5300/5567  avg_loss=0.3241
    step 5350/5567  avg_loss=0.3243
    step 5400/5567  avg_loss=0.3238
    step 5450/5567  avg_loss=0.3234
    step 5500/5567  avg_loss=0.3227
    step 5550/5567  avg_loss=0.3223
  Train loss: 0.3222  (3753s)
  Val AUPRC:  0.9016  (128s)
Writing model shards:   0%|          | 0/1 [00:00<?, ?it/s]Writing model shards: 100%|██████████| 1/1 [00:00<00:00,  1.54it/s]Writing model shards: 100%|██████████| 1/1 [00:00<00:00,  1.53it/s]
  >> New best model saved (AUPRC=0.9016)

--- Epoch 3/5 ---
/oscar/data/class/biol1595_2595/students/ewang163/ptsd_env/lib/python3.13/site-packages/torch/utils/data/dataloader.py:624: UserWarning: This DataLoader will create 2 worker processes in total. Our suggested max number of worker in current system is 1, which is smaller than what this DataLoader is going to create. Please be aware that excessive worker creation might get DataLoader running slow or even freeze, lower the worker number to avoid potential slowness/freeze if necessary.
  warnings.warn(
    step 50/5567  avg_loss=0.3756
    step 100/5567  avg_loss=0.3594
    step 150/5567  avg_loss=0.3429
    step 200/5567  avg_loss=0.3484
    step 250/5567  avg_loss=0.3186
    step 300/5567  avg_loss=0.3000
    step 350/5567  avg_loss=0.2945
    step 400/5567  avg_loss=0.2924
    step 450/5567  avg_loss=0.2897
    step 500/5567  avg_loss=0.2925
    step 550/5567  avg_loss=0.3018
    step 600/5567  avg_loss=0.2963
    step 650/5567  avg_loss=0.2888
    step 700/5567  avg_loss=0.2928
    step 750/5567  avg_loss=0.2918
    step 800/5567  avg_loss=0.2873
    step 850/5567  avg_loss=0.2880
    step 900/5567  avg_loss=0.2810
    step 950/5567  avg_loss=0.2789
    step 1000/5567  avg_loss=0.2762
    step 1050/5567  avg_loss=0.2749
    step 1100/5567  avg_loss=0.2733
    step 1150/5567  avg_loss=0.2734
    step 1200/5567  avg_loss=0.2757
    step 1250/5567  avg_loss=0.2700
    step 1300/5567  avg_loss=0.2683
    step 1350/5567  avg_loss=0.2651
    step 1400/5567  avg_loss=0.2672
    step 1450/5567  avg_loss=0.2647
    step 1500/5567  avg_loss=0.2662
    step 1550/5567  avg_loss=0.2704
    step 1600/5567  avg_loss=0.2735
    step 1650/5567  avg_loss=0.2767
    step 1700/5567  avg_loss=0.2785
    step 1750/5567  avg_loss=0.2772
    step 1800/5567  avg_loss=0.2759
    step 1850/5567  avg_loss=0.2748
    step 1900/5567  avg_loss=0.2745
    step 1950/5567  avg_loss=0.2730
    step 2000/5567  avg_loss=0.2706
    step 2050/5567  avg_loss=0.2696
    step 2100/5567  avg_loss=0.2674
    step 2150/5567  avg_loss=0.2661
    step 2200/5567  avg_loss=0.2642
    step 2250/5567  avg_loss=0.2668
    step 2300/5567  avg_loss=0.2657
    step 2350/5567  avg_loss=0.2638
    step 2400/5567  avg_loss=0.2624
    step 2450/5567  avg_loss=0.2604
    step 2500/5567  avg_loss=0.2603
    step 2550/5567  avg_loss=0.2589
    step 2600/5567  avg_loss=0.2577
    step 2650/5567  avg_loss=0.2572
    step 2700/5567  avg_loss=0.2567
    step 2750/5567  avg_loss=0.2578
    step 2800/5567  avg_loss=0.2573
    step 2850/5567  avg_loss=0.2573
    step 2900/5567  avg_loss=0.2598
    step 2950/5567  avg_loss=0.2594
    step 3000/5567  avg_loss=0.2605
    step 3050/5567  avg_loss=0.2596
    step 3100/5567  avg_loss=0.2589
    step 3150/5567  avg_loss=0.2590
    step 3200/5567  avg_loss=0.2594
    step 3250/5567  avg_loss=0.2594
    step 3300/5567  avg_loss=0.2609
    step 3350/5567  avg_loss=0.2603
    step 3400/5567  avg_loss=0.2599
    step 3450/5567  avg_loss=0.2614
    step 3500/5567  avg_loss=0.2616
    step 3550/5567  avg_loss=0.2607
    step 3600/5567  avg_loss=0.2609
    step 3650/5567  avg_loss=0.2614
    step 3700/5567  avg_loss=0.2617
    step 3750/5567  avg_loss=0.2619
    step 3800/5567  avg_loss=0.2627
    step 3850/5567  avg_loss=0.2634
    step 3900/5567  avg_loss=0.2627
    step 3950/5567  avg_loss=0.2626
    step 4000/5567  avg_loss=0.2617
    step 4050/5567  avg_loss=0.2606
    step 4100/5567  avg_loss=0.2606
    step 4150/5567  avg_loss=0.2600
    step 4200/5567  avg_loss=0.2598
    step 4250/5567  avg_loss=0.2594
    step 4300/5567  avg_loss=0.2601
    step 4350/5567  avg_loss=0.2595
    step 4400/5567  avg_loss=0.2591
    step 4450/5567  avg_loss=0.2585
    step 4500/5567  avg_loss=0.2591
    step 4550/5567  avg_loss=0.2585
    step 4600/5567  avg_loss=0.2584
    step 4650/5567  avg_loss=0.2578
    step 4700/5567  avg_loss=0.2584
    step 4750/5567  avg_loss=0.2581
    step 4800/5567  avg_loss=0.2588
    step 4850/5567  avg_loss=0.2588
    step 4900/5567  avg_loss=0.2584
    step 4950/5567  avg_loss=0.2593
    step 5000/5567  avg_loss=0.2595
    step 5050/5567  avg_loss=0.2591
    step 5100/5567  avg_loss=0.2597
    step 5150/5567  avg_loss=0.2592
    step 5200/5567  avg_loss=0.2592
    step 5250/5567  avg_loss=0.2593
    step 5300/5567  avg_loss=0.2597
    step 5350/5567  avg_loss=0.2586
    step 5400/5567  avg_loss=0.2589
    step 5450/5567  avg_loss=0.2583
    step 5500/5567  avg_loss=0.2583
    step 5550/5567  avg_loss=0.2578
  Train loss: 0.2573  (3755s)
  Val AUPRC:  0.9020  (129s)
Writing model shards:   0%|          | 0/1 [00:00<?, ?it/s]Writing model shards: 100%|██████████| 1/1 [00:00<00:00,  1.39it/s]Writing model shards: 100%|██████████| 1/1 [00:00<00:00,  1.39it/s]
  >> New best model saved (AUPRC=0.9020)

--- Epoch 4/5 ---
/oscar/data/class/biol1595_2595/students/ewang163/ptsd_env/lib/python3.13/site-packages/torch/utils/data/dataloader.py:624: UserWarning: This DataLoader will create 2 worker processes in total. Our suggested max number of worker in current system is 1, which is smaller than what this DataLoader is going to create. Please be aware that excessive worker creation might get DataLoader running slow or even freeze, lower the worker number to avoid potential slowness/freeze if necessary.
  warnings.warn(
    step 50/5567  avg_loss=0.2404
    step 100/5567  avg_loss=0.2861
    step 150/5567  avg_loss=0.2579
    step 200/5567  avg_loss=0.2350
    step 250/5567  avg_loss=0.2397
    step 300/5567  avg_loss=0.2279
    step 350/5567  avg_loss=0.2175
    step 400/5567  avg_loss=0.2155
    step 450/5567  avg_loss=0.2114
    step 500/5567  avg_loss=0.2141
    step 550/5567  avg_loss=0.2064
    step 600/5567  avg_loss=0.2029
    step 650/5567  avg_loss=0.2005
    step 700/5567  avg_loss=0.1949
    step 750/5567  avg_loss=0.1990
    step 800/5567  avg_loss=0.2038
    step 850/5567  avg_loss=0.2044
    step 900/5567  avg_loss=0.2075
    step 950/5567  avg_loss=0.2091
    step 1000/5567  avg_loss=0.2080
    step 1050/5567  avg_loss=0.2058
    step 1100/5567  avg_loss=0.2055
    step 1150/5567  avg_loss=0.2062
    step 1200/5567  avg_loss=0.2043
    step 1250/5567  avg_loss=0.2066
    step 1300/5567  avg_loss=0.2082
    step 1350/5567  avg_loss=0.2079
    step 1400/5567  avg_loss=0.2071
    step 1450/5567  avg_loss=0.2048
    step 1500/5567  avg_loss=0.2057
    step 1550/5567  avg_loss=0.2059
    step 1600/5567  avg_loss=0.2067
    step 1650/5567  avg_loss=0.2067
    step 1700/5567  avg_loss=0.2048
    step 1750/5567  avg_loss=0.2055
    step 1800/5567  avg_loss=0.2049
    step 1850/5567  avg_loss=0.2070
    step 1900/5567  avg_loss=0.2100
    step 1950/5567  avg_loss=0.2095
    step 2000/5567  avg_loss=0.2101
    step 2050/5567  avg_loss=0.2096
    step 2100/5567  avg_loss=0.2081
    step 2150/5567  avg_loss=0.2069
    step 2200/5567  avg_loss=0.2073
    step 2250/5567  avg_loss=0.2081
    step 2300/5567  avg_loss=0.2074
    step 2350/5567  avg_loss=0.2072
    step 2400/5567  avg_loss=0.2067
    step 2450/5567  avg_loss=0.2066
    step 2500/5567  avg_loss=0.2049
    step 2550/5567  avg_loss=0.2042
    step 2600/5567  avg_loss=0.2062
    step 2650/5567  avg_loss=0.2061
    step 2700/5567  avg_loss=0.2084
    step 2750/5567  avg_loss=0.2078
    step 2800/5567  avg_loss=0.2073
    step 2850/5567  avg_loss=0.2097
    step 2900/5567  avg_loss=0.2111
    step 2950/5567  avg_loss=0.2105
    step 3000/5567  avg_loss=0.2106
    step 3050/5567  avg_loss=0.2098
    step 3100/5567  avg_loss=0.2111
    step 3150/5567  avg_loss=0.2110
    step 3200/5567  avg_loss=0.2104
    step 3250/5567  avg_loss=0.2093
    step 3300/5567  avg_loss=0.2098
    step 3350/5567  avg_loss=0.2099
    step 3400/5567  avg_loss=0.2106
    step 3450/5567  avg_loss=0.2109
    step 3500/5567  avg_loss=0.2107
    step 3550/5567  avg_loss=0.2092
    step 3600/5567  avg_loss=0.2097
    step 3650/5567  avg_loss=0.2098
    step 3700/5567  avg_loss=0.2103
    step 3750/5567  avg_loss=0.2097
    step 3800/5567  avg_loss=0.2113
    step 3850/5567  avg_loss=0.2108
    step 3900/5567  avg_loss=0.2097
    step 3950/5567  avg_loss=0.2097
    step 4000/5567  avg_loss=0.2098
    step 4050/5567  avg_loss=0.2102
    step 4100/5567  avg_loss=0.2099
    step 4150/5567  avg_loss=0.2095
    step 4200/5567  avg_loss=0.2093
    step 4250/5567  avg_loss=0.2094
    step 4300/5567  avg_loss=0.2091
    step 4350/5567  avg_loss=0.2088
    step 4400/5567  avg_loss=0.2089
    step 4450/5567  avg_loss=0.2089
    step 4500/5567  avg_loss=0.2088
    step 4550/5567  avg_loss=0.2084
    step 4600/5567  avg_loss=0.2088
    step 4650/5567  avg_loss=0.2088
    step 4700/5567  avg_loss=0.2087
    step 4750/5567  avg_loss=0.2088
    step 4800/5567  avg_loss=0.2087
    step 4850/5567  avg_loss=0.2093
    step 4900/5567  avg_loss=0.2091
    step 4950/5567  avg_loss=0.2087
    step 5000/5567  avg_loss=0.2088
    step 5050/5567  avg_loss=0.2080
    step 5100/5567  avg_loss=0.2093
    step 5150/5567  avg_loss=0.2088
    step 5200/5567  avg_loss=0.2083
    step 5250/5567  avg_loss=0.2085
    step 5300/5567  avg_loss=0.2074
    step 5350/5567  avg_loss=0.2070
    step 5400/5567  avg_loss=0.2076
    step 5450/5567  avg_loss=0.2082
    step 5500/5567  avg_loss=0.2074
    step 5550/5567  avg_loss=0.2068
  Train loss: 0.2071  (3751s)
  Val AUPRC:  0.9050  (127s)
Writing model shards:   0%|          | 0/1 [00:00<?, ?it/s]Writing model shards: 100%|██████████| 1/1 [00:00<00:00,  1.35it/s]Writing model shards: 100%|██████████| 1/1 [00:00<00:00,  1.35it/s]
  >> New best model saved (AUPRC=0.9050)

--- Epoch 5/5 ---
/oscar/data/class/biol1595_2595/students/ewang163/ptsd_env/lib/python3.13/site-packages/torch/utils/data/dataloader.py:624: UserWarning: This DataLoader will create 2 worker processes in total. Our suggested max number of worker in current system is 1, which is smaller than what this DataLoader is going to create. Please be aware that excessive worker creation might get DataLoader running slow or even freeze, lower the worker number to avoid potential slowness/freeze if necessary.
  warnings.warn(
    step 50/5567  avg_loss=0.1999
    step 100/5567  avg_loss=0.1838
    step 150/5567  avg_loss=0.1481
    step 200/5567  avg_loss=0.1425
    step 250/5567  avg_loss=0.1397
    step 300/5567  avg_loss=0.1591
    step 350/5567  avg_loss=0.1673
    step 400/5567  avg_loss=0.1641
    step 450/5567  avg_loss=0.1599
    step 500/5567  avg_loss=0.1578
    step 550/5567  avg_loss=0.1663
    step 600/5567  avg_loss=0.1683
    step 650/5567  avg_loss=0.1625
    step 700/5567  avg_loss=0.1627
    step 750/5567  avg_loss=0.1638
    step 800/5567  avg_loss=0.1581
    step 850/5567  avg_loss=0.1559
    step 900/5567  avg_loss=0.1542
    step 950/5567  avg_loss=0.1570
    step 1000/5567  avg_loss=0.1592
    step 1050/5567  avg_loss=0.1581
    step 1100/5567  avg_loss=0.1610
    step 1150/5567  avg_loss=0.1591
    step 1200/5567  avg_loss=0.1601
    step 1250/5567  avg_loss=0.1623
    step 1300/5567  avg_loss=0.1609
    step 1350/5567  avg_loss=0.1638
    step 1400/5567  avg_loss=0.1607
    step 1450/5567  avg_loss=0.1616
    step 1500/5567  avg_loss=0.1634
    step 1550/5567  avg_loss=0.1660
    step 1600/5567  avg_loss=0.1651
    step 1650/5567  avg_loss=0.1665
    step 1700/5567  avg_loss=0.1684
    step 1750/5567  avg_loss=0.1693
    step 1800/5567  avg_loss=0.1671
    step 1850/5567  avg_loss=0.1669
    step 1900/5567  avg_loss=0.1650
    step 1950/5567  avg_loss=0.1638
    step 2000/5567  avg_loss=0.1643
    step 2050/5567  avg_loss=0.1634
    step 2100/5567  avg_loss=0.1646
    step 2150/5567  avg_loss=0.1657
    step 2200/5567  avg_loss=0.1637
    step 2250/5567  avg_loss=0.1633
    step 2300/5567  avg_loss=0.1634
    step 2350/5567  avg_loss=0.1631
    step 2400/5567  avg_loss=0.1618
    step 2450/5567  avg_loss=0.1621
    step 2500/5567  avg_loss=0.1626
    step 2550/5567  avg_loss=0.1620
    step 2600/5567  avg_loss=0.1629
    step 2650/5567  avg_loss=0.1621
    step 2700/5567  avg_loss=0.1615
    step 2750/5567  avg_loss=0.1608
    step 2800/5567  avg_loss=0.1598
    step 2850/5567  avg_loss=0.1598
    step 2900/5567  avg_loss=0.1611
    step 2950/5567  avg_loss=0.1605
    step 3000/5567  avg_loss=0.1597
    step 3050/5567  avg_loss=0.1598
    step 3100/5567  avg_loss=0.1598
    step 3150/5567  avg_loss=0.1596
    step 3200/5567  avg_loss=0.1584
    step 3250/5567  avg_loss=0.1591
    step 3300/5567  avg_loss=0.1584
    step 3350/5567  avg_loss=0.1592
    step 3400/5567  avg_loss=0.1586
    step 3450/5567  avg_loss=0.1593
    step 3500/5567  avg_loss=0.1596
    step 3550/5567  avg_loss=0.1605
    step 3600/5567  avg_loss=0.1610
    step 3650/5567  avg_loss=0.1621
    step 3700/5567  avg_loss=0.1610
    step 3750/5567  avg_loss=0.1615
    step 3800/5567  avg_loss=0.1619
    step 3850/5567  avg_loss=0.1615
    step 3900/5567  avg_loss=0.1610
    step 3950/5567  avg_loss=0.1610
    step 4000/5567  avg_loss=0.1613
    step 4050/5567  avg_loss=0.1619
    step 4100/5567  avg_loss=0.1617
    step 4150/5567  avg_loss=0.1615
    step 4200/5567  avg_loss=0.1617
    step 4250/5567  avg_loss=0.1611
    step 4300/5567  avg_loss=0.1610
    step 4350/5567  avg_loss=0.1610
    step 4400/5567  avg_loss=0.1609
    step 4450/5567  avg_loss=0.1616
    step 4500/5567  avg_loss=0.1620
    step 4550/5567  avg_loss=0.1631
    step 4600/5567  avg_loss=0.1641
    step 4650/5567  avg_loss=0.1647
    step 4700/5567  avg_loss=0.1642
    step 4750/5567  avg_loss=0.1642
    step 4800/5567  avg_loss=0.1642
    step 4850/5567  avg_loss=0.1634
    step 4900/5567  avg_loss=0.1627
    step 4950/5567  avg_loss=0.1632
    step 5000/5567  avg_loss=0.1627
    step 5050/5567  avg_loss=0.1629
    step 5100/5567  avg_loss=0.1630
    step 5150/5567  avg_loss=0.1632
    step 5200/5567  avg_loss=0.1629
    step 5250/5567  avg_loss=0.1630
    step 5300/5567  avg_loss=0.1626
    step 5350/5567  avg_loss=0.1622
    step 5400/5567  avg_loss=0.1621
    step 5450/5567  avg_loss=0.1617
    step 5500/5567  avg_loss=0.1614
    step 5550/5567  avg_loss=0.1613
  Train loss: 0.1611  (3753s)
  Val AUPRC:  0.8967  (128s)
  [BENCH] train_longformer/full_training: 19408.9s wall, 19002.4s cpu, 1.99 GB peak, 5.3914 GPU-h

Training config saved → /oscar/data/class/biol1595_2595/students/ewang163/models/ewang163_longformer_best_temporal/training_config.json
Training log saved → /oscar/data/class/biol1595_2595/students/ewang163/results/metrics/ewang163_longformer_training_log_temporal.csv

=================================================================
TRAINING COMPLETE
=================================================================
  Best validation AUPRC: 0.9050
  Best checkpoint: /oscar/data/class/biol1595_2595/students/ewang163/models/ewang163_longformer_best_temporal
  Class prior pi_p: 0.4249
 epoch  train_loss  val_auprc  train_time_s  val_time_s
     1    0.481720   0.864906        3753.4       128.6
     2    0.322203   0.901600        3752.7       128.2
     3    0.257318   0.901956        3754.9       128.7
     4    0.207079   0.905039        3750.9       127.4
     5    0.161094   0.896687        3753.4       127.5

Done.
