## SLURM PROLOG ###############################################################
##    Job ID : 1387468
##  Job Name : ptsd_specificity
##  Nodelist : gpu2005
##      CPUs : 
##  Mem/Node : 32768 MB
## Directory : /oscar/data/class/biol1595_2595/students/ewang163
##   Job Started : Wed Apr  8 02:59:15 PM EDT 2026
###############################################################################
=================================================================
PTSD NLP — Specificity Analysis (Psychiatric Controls)
=================================================================

Device: cuda
  GPU: Quadro RTX 6000

[1/8] Loading existing cohort to identify exclusions ...
  PTSD+ subjects: 5,711
  Proxy subjects: 163
  Total excluded: 5,874

[2/8] Streaming diagnoses_icd.csv for MDD/anxiety patients ...
  Scanned 6,364,488 diagnosis lines
  MDD/anxiety patients (excluding PTSD+/proxy): 51,018

[3/8] Loading demographics for age × sex matching ...
  Psychiatric controls with demographics: 51,018

[4/8] Matching 1:1 on age_decade × sex ...
  Matched psychiatric controls: 5,711 (target 5,711)
  → /oscar/data/class/biol1595_2595/students/ewang163/ewang163_psych_control_subjects.txt

[5/8] Extracting notes for psychiatric controls ...
  Target hadm_ids for notes: 5,711
    ... scanned 50,000 notes, matched 509
    ... scanned 100,000 notes, matched 959
    ... scanned 150,000 notes, matched 1,466
    ... scanned 200,000 notes, matched 1,922
    ... scanned 250,000 notes, matched 2,392
    ... scanned 300,000 notes, matched 2,867
  Extracted 3,148 notes → /oscar/data/class/biol1595_2595/students/ewang163/ewang163_psych_control_notes.parquet

[6/8] Building specificity corpus ...
  PTSD+ notes: 5,950 (3,153 patients)
  Psych control notes: 3,148 (3,148 patients)
  Combined: 9,098 rows
  train: 7,110 rows (pos=4,592, neg=2,518)
  val: 962 rows (pos=647, neg=315)
  test: 1,026 rows (pos=711, neg=315)
  Class weights: neg=1.4118, pos=0.7742

[7/8] Fine-tuning Clinical Longformer ...
Loading weights:   0%|          | 0/269 [00:00<?, ?it/s]Loading weights: 100%|██████████| 269/269 [00:00<00:00, 21251.58it/s]
[1mLongformerForSequenceClassification LOAD REPORT[0m from: yikuan8/Clinical-Longformer
Key                                | Status     | 
-----------------------------------+------------+-
lm_head.decoder.bias               | UNEXPECTED | 
lm_head.decoder.weight             | UNEXPECTED | 
lm_head.dense.bias                 | UNEXPECTED | 
lm_head.layer_norm.bias            | UNEXPECTED | 
lm_head.dense.weight               | UNEXPECTED | 
lm_head.layer_norm.weight          | UNEXPECTED | 
longformer.embeddings.position_ids | UNEXPECTED | 
lm_head.bias                       | UNEXPECTED | 
classifier.out_proj.bias           | MISSING    | 
classifier.out_proj.weight         | MISSING    | 
classifier.dense.bias              | MISSING    | 
classifier.dense.weight            | MISSING    | 

Notes:
- UNEXPECTED:	can be ignored when loading from different task/architecture; not ok if you expect identical arch.
- MISSING:	those params were newly initialized because missing from the checkpoint. Consider training on your downstream task.
/oscar/data/class/biol1595_2595/students/ewang163/ptsd_env/lib/python3.13/site-packages/torch/utils/data/dataloader.py:624: UserWarning: This DataLoader will create 2 worker processes in total. Our suggested max number of worker in current system is 1, which is smaller than what this DataLoader is going to create. Please be aware that excessive worker creation might get DataLoader running slow or even freeze, lower the worker number to avoid potential slowness/freeze if necessary.
  warnings.warn(
  Total optimizer steps: 1,110
  Warmup steps: 111

--- Epoch 1/5 ---
Initializing global attention on CLS token...
    step 50/3555  avg_loss=0.7178
    step 100/3555  avg_loss=0.7103
    step 150/3555  avg_loss=0.7004
    step 200/3555  avg_loss=0.7027
    step 250/3555  avg_loss=0.6962
    step 300/3555  avg_loss=0.6945
    step 350/3555  avg_loss=0.6944
    step 400/3555  avg_loss=0.6950
    step 450/3555  avg_loss=0.6973
    step 500/3555  avg_loss=0.6973
    step 550/3555  avg_loss=0.6951
    step 600/3555  avg_loss=0.6970
    step 650/3555  avg_loss=0.6951
    step 700/3555  avg_loss=0.6959
    step 750/3555  avg_loss=0.7013
    step 800/3555  avg_loss=0.6991
    step 850/3555  avg_loss=0.6999
    step 900/3555  avg_loss=0.7000
    step 950/3555  avg_loss=0.6992
    step 1000/3555  avg_loss=0.6979
    step 1050/3555  avg_loss=0.6968
    step 1100/3555  avg_loss=0.6955
    step 1150/3555  avg_loss=0.6944
    step 1200/3555  avg_loss=0.6959
    step 1250/3555  avg_loss=0.6977
    step 1300/3555  avg_loss=0.6981
    step 1350/3555  avg_loss=0.6960
    step 1400/3555  avg_loss=0.6960
    step 1450/3555  avg_loss=0.6963
    step 1500/3555  avg_loss=0.6960
    step 1550/3555  avg_loss=0.6983
    step 1600/3555  avg_loss=0.6977
    step 1650/3555  avg_loss=0.6985
    step 1700/3555  avg_loss=0.6985
    step 1750/3555  avg_loss=0.6981
    step 1800/3555  avg_loss=0.6978
    step 1850/3555  avg_loss=0.6978
    step 1900/3555  avg_loss=0.6975
    step 1950/3555  avg_loss=0.6976
    step 2000/3555  avg_loss=0.6971
    step 2050/3555  avg_loss=0.6977
    step 2100/3555  avg_loss=0.6975
    step 2150/3555  avg_loss=0.6975
    step 2200/3555  avg_loss=0.6976
    step 2250/3555  avg_loss=0.6971
    step 2300/3555  avg_loss=0.6958
    step 2350/3555  avg_loss=0.6974
    step 2400/3555  avg_loss=0.6967
    step 2450/3555  avg_loss=0.6965
    step 2500/3555  avg_loss=0.6962
    step 2550/3555  avg_loss=0.6961
    step 2600/3555  avg_loss=0.6957
    step 2650/3555  avg_loss=0.6943
    step 2700/3555  avg_loss=0.6944
    step 2750/3555  avg_loss=0.6931
    step 2800/3555  avg_loss=0.6935
    step 2850/3555  avg_loss=0.6923
    step 2900/3555  avg_loss=0.6920
    step 2950/3555  avg_loss=0.6914
    step 3000/3555  avg_loss=0.6908
    step 3050/3555  avg_loss=0.6899
    step 3100/3555  avg_loss=0.6887
    step 3150/3555  avg_loss=0.6880
    step 3200/3555  avg_loss=0.6880
    step 3250/3555  avg_loss=0.6875
    step 3300/3555  avg_loss=0.6859
    step 3350/3555  avg_loss=0.6843
    step 3400/3555  avg_loss=0.6837
    step 3450/3555  avg_loss=0.6823
    step 3500/3555  avg_loss=0.6810
    step 3550/3555  avg_loss=0.6806
  Train loss: 0.6804  (3600s)
  Val AUPRC:  0.8907
Writing model shards:   0%|          | 0/1 [00:00<?, ?it/s]Writing model shards: 100%|██████████| 1/1 [00:00<00:00,  1.07it/s]Writing model shards: 100%|██████████| 1/1 [00:00<00:00,  1.07it/s]
  >> New best model saved (AUPRC=0.8907)

--- Epoch 2/5 ---
/oscar/data/class/biol1595_2595/students/ewang163/ptsd_env/lib/python3.13/site-packages/torch/utils/data/dataloader.py:624: UserWarning: This DataLoader will create 2 worker processes in total. Our suggested max number of worker in current system is 1, which is smaller than what this DataLoader is going to create. Please be aware that excessive worker creation might get DataLoader running slow or even freeze, lower the worker number to avoid potential slowness/freeze if necessary.
  warnings.warn(
    step 50/3555  avg_loss=0.5786
    step 100/3555  avg_loss=0.5685
    step 150/3555  avg_loss=0.5610
    step 200/3555  avg_loss=0.5588
    step 250/3555  avg_loss=0.5613
    step 300/3555  avg_loss=0.5462
    step 350/3555  avg_loss=0.5606
    step 400/3555  avg_loss=0.5554
    step 450/3555  avg_loss=0.5499
    step 500/3555  avg_loss=0.5549
    step 550/3555  avg_loss=0.5579
    step 600/3555  avg_loss=0.5490
    step 650/3555  avg_loss=0.5517
    step 700/3555  avg_loss=0.5457
    step 750/3555  avg_loss=0.5455
    step 800/3555  avg_loss=0.5420
    step 850/3555  avg_loss=0.5416
    step 900/3555  avg_loss=0.5433
    step 950/3555  avg_loss=0.5450
    step 1000/3555  avg_loss=0.5464
    step 1050/3555  avg_loss=0.5502
    step 1100/3555  avg_loss=0.5520
    step 1150/3555  avg_loss=0.5514
    step 1200/3555  avg_loss=0.5509
    step 1250/3555  avg_loss=0.5525
    step 1300/3555  avg_loss=0.5510
    step 1350/3555  avg_loss=0.5486
    step 1400/3555  avg_loss=0.5470
    step 1450/3555  avg_loss=0.5500
    step 1500/3555  avg_loss=0.5505
    step 1550/3555  avg_loss=0.5494
    step 1600/3555  avg_loss=0.5522
    step 1650/3555  avg_loss=0.5582
    step 1700/3555  avg_loss=0.5571
    step 1750/3555  avg_loss=0.5568
    step 1800/3555  avg_loss=0.5578
    step 1850/3555  avg_loss=0.5561
    step 1900/3555  avg_loss=0.5541
    step 1950/3555  avg_loss=0.5557
    step 2000/3555  avg_loss=0.5537
    step 2050/3555  avg_loss=0.5550
    step 2100/3555  avg_loss=0.5553
    step 2150/3555  avg_loss=0.5562
    step 2200/3555  avg_loss=0.5561
    step 2250/3555  avg_loss=0.5555
    step 2300/3555  avg_loss=0.5549
    step 2350/3555  avg_loss=0.5543
    step 2400/3555  avg_loss=0.5535
    step 2450/3555  avg_loss=0.5531
    step 2500/3555  avg_loss=0.5527
    step 2550/3555  avg_loss=0.5517
    step 2600/3555  avg_loss=0.5512
    step 2650/3555  avg_loss=0.5524
    step 2700/3555  avg_loss=0.5526
    step 2750/3555  avg_loss=0.5528
    step 2800/3555  avg_loss=0.5526
    step 2850/3555  avg_loss=0.5520
    step 2900/3555  avg_loss=0.5537
    step 2950/3555  avg_loss=0.5551
    step 3000/3555  avg_loss=0.5546
    step 3050/3555  avg_loss=0.5537
    step 3100/3555  avg_loss=0.5531
    step 3150/3555  avg_loss=0.5526
    step 3200/3555  avg_loss=0.5512
    step 3250/3555  avg_loss=0.5513
    step 3300/3555  avg_loss=0.5507
    step 3350/3555  avg_loss=0.5503
    step 3400/3555  avg_loss=0.5499
    step 3450/3555  avg_loss=0.5480
    step 3500/3555  avg_loss=0.5468
    step 3550/3555  avg_loss=0.5460
  Train loss: 0.5461  (3594s)
  Val AUPRC:  0.9055
Writing model shards:   0%|          | 0/1 [00:00<?, ?it/s]Writing model shards: 100%|██████████| 1/1 [00:00<00:00,  1.06it/s]Writing model shards: 100%|██████████| 1/1 [00:00<00:00,  1.06it/s]
  >> New best model saved (AUPRC=0.9055)

--- Epoch 3/5 ---
/oscar/data/class/biol1595_2595/students/ewang163/ptsd_env/lib/python3.13/site-packages/torch/utils/data/dataloader.py:624: UserWarning: This DataLoader will create 2 worker processes in total. Our suggested max number of worker in current system is 1, which is smaller than what this DataLoader is going to create. Please be aware that excessive worker creation might get DataLoader running slow or even freeze, lower the worker number to avoid potential slowness/freeze if necessary.
  warnings.warn(
    step 50/3555  avg_loss=0.4322
    step 100/3555  avg_loss=0.4743
    step 150/3555  avg_loss=0.4697
    step 200/3555  avg_loss=0.4905
    step 250/3555  avg_loss=0.4784
    step 300/3555  avg_loss=0.4820
    step 350/3555  avg_loss=0.4739
    step 400/3555  avg_loss=0.4659
    step 450/3555  avg_loss=0.4584
    step 500/3555  avg_loss=0.4612
    step 550/3555  avg_loss=0.4662
    step 600/3555  avg_loss=0.4719
    step 650/3555  avg_loss=0.4668
    step 700/3555  avg_loss=0.4654
    step 750/3555  avg_loss=0.4639
    step 800/3555  avg_loss=0.4650
    step 850/3555  avg_loss=0.4701
    step 900/3555  avg_loss=0.4722
    step 950/3555  avg_loss=0.4741
    step 1000/3555  avg_loss=0.4741
    step 1050/3555  avg_loss=0.4722
    step 1100/3555  avg_loss=0.4717
    step 1150/3555  avg_loss=0.4703
    step 1200/3555  avg_loss=0.4695
    step 1250/3555  avg_loss=0.4685
    step 1300/3555  avg_loss=0.4690
    step 1350/3555  avg_loss=0.4696
    step 1400/3555  avg_loss=0.4701
    step 1450/3555  avg_loss=0.4695
    step 1500/3555  avg_loss=0.4677
    step 1550/3555  avg_loss=0.4690
    step 1600/3555  avg_loss=0.4663
    step 1650/3555  avg_loss=0.4679
    step 1700/3555  avg_loss=0.4657
    step 1750/3555  avg_loss=0.4632
    step 1800/3555  avg_loss=0.4638
    step 1850/3555  avg_loss=0.4603
    step 1900/3555  avg_loss=0.4595
    step 1950/3555  avg_loss=0.4591
    step 2000/3555  avg_loss=0.4578
    step 2050/3555  avg_loss=0.4616
    step 2100/3555  avg_loss=0.4636
    step 2150/3555  avg_loss=0.4636
    step 2200/3555  avg_loss=0.4637
    step 2250/3555  avg_loss=0.4633
    step 2300/3555  avg_loss=0.4647
    step 2350/3555  avg_loss=0.4651
    step 2400/3555  avg_loss=0.4645
    step 2450/3555  avg_loss=0.4639
    step 2500/3555  avg_loss=0.4639
    step 2550/3555  avg_loss=0.4636
    step 2600/3555  avg_loss=0.4616
    step 2650/3555  avg_loss=0.4616
    step 2700/3555  avg_loss=0.4627
    step 2750/3555  avg_loss=0.4634
    step 2800/3555  avg_loss=0.4635
    step 2850/3555  avg_loss=0.4644
    step 2900/3555  avg_loss=0.4636
    step 2950/3555  avg_loss=0.4640
    step 3000/3555  avg_loss=0.4630
    step 3050/3555  avg_loss=0.4625
    step 3100/3555  avg_loss=0.4631
    step 3150/3555  avg_loss=0.4629
    step 3200/3555  avg_loss=0.4622
    step 3250/3555  avg_loss=0.4619
    step 3300/3555  avg_loss=0.4615
    step 3350/3555  avg_loss=0.4610
    step 3400/3555  avg_loss=0.4599
    step 3450/3555  avg_loss=0.4598
    step 3500/3555  avg_loss=0.4592
    step 3550/3555  avg_loss=0.4590
  Train loss: 0.4590  (3596s)
  Val AUPRC:  0.8917

--- Epoch 4/5 ---
/oscar/data/class/biol1595_2595/students/ewang163/ptsd_env/lib/python3.13/site-packages/torch/utils/data/dataloader.py:624: UserWarning: This DataLoader will create 2 worker processes in total. Our suggested max number of worker in current system is 1, which is smaller than what this DataLoader is going to create. Please be aware that excessive worker creation might get DataLoader running slow or even freeze, lower the worker number to avoid potential slowness/freeze if necessary.
  warnings.warn(
    step 50/3555  avg_loss=0.4432
    step 100/3555  avg_loss=0.4596
    step 150/3555  avg_loss=0.4527
    step 200/3555  avg_loss=0.4409
    step 250/3555  avg_loss=0.4198
    step 300/3555  avg_loss=0.4237
    step 350/3555  avg_loss=0.4172
    step 400/3555  avg_loss=0.4200
    step 450/3555  avg_loss=0.4187
    step 500/3555  avg_loss=0.4137
    step 550/3555  avg_loss=0.4140
    step 600/3555  avg_loss=0.4070
    step 650/3555  avg_loss=0.4117
    step 700/3555  avg_loss=0.4074
    step 750/3555  avg_loss=0.4094
    step 800/3555  avg_loss=0.4034
    step 850/3555  avg_loss=0.4046
    step 900/3555  avg_loss=0.4013
    step 950/3555  avg_loss=0.4019
    step 1000/3555  avg_loss=0.3990
    step 1050/3555  avg_loss=0.4012
    step 1100/3555  avg_loss=0.3966
    step 1150/3555  avg_loss=0.3960
    step 1200/3555  avg_loss=0.3903
    step 1250/3555  avg_loss=0.3880
    step 1300/3555  avg_loss=0.3878
    step 1350/3555  avg_loss=0.3870
    step 1400/3555  avg_loss=0.3856
    step 1450/3555  avg_loss=0.3842
    step 1500/3555  avg_loss=0.3831
    step 1550/3555  avg_loss=0.3809
    step 1600/3555  avg_loss=0.3810
    step 1650/3555  avg_loss=0.3791
    step 1700/3555  avg_loss=0.3801
    step 1750/3555  avg_loss=0.3834
    step 1800/3555  avg_loss=0.3847
    step 1850/3555  avg_loss=0.3838
    step 1900/3555  avg_loss=0.3859
    step 1950/3555  avg_loss=0.3851
    step 2000/3555  avg_loss=0.3842
    step 2050/3555  avg_loss=0.3825
    step 2100/3555  avg_loss=0.3809
    step 2150/3555  avg_loss=0.3809
    step 2200/3555  avg_loss=0.3811
    step 2250/3555  avg_loss=0.3806
    step 2300/3555  avg_loss=0.3809
    step 2350/3555  avg_loss=0.3860
    step 2400/3555  avg_loss=0.3854
    step 2450/3555  avg_loss=0.3841
    step 2500/3555  avg_loss=0.3869
    step 2550/3555  avg_loss=0.3869
    step 2600/3555  avg_loss=0.3881
    step 2650/3555  avg_loss=0.3886
    step 2700/3555  avg_loss=0.3893
    step 2750/3555  avg_loss=0.3879
    step 2800/3555  avg_loss=0.3879
    step 2850/3555  avg_loss=0.3872
    step 2900/3555  avg_loss=0.3871
    step 2950/3555  avg_loss=0.3868
    step 3000/3555  avg_loss=0.3866
    step 3050/3555  avg_loss=0.3846
    step 3100/3555  avg_loss=0.3858
    step 3150/3555  avg_loss=0.3850
    step 3200/3555  avg_loss=0.3841
    step 3250/3555  avg_loss=0.3847
    step 3300/3555  avg_loss=0.3851
    step 3350/3555  avg_loss=0.3843
    step 3400/3555  avg_loss=0.3827
    step 3450/3555  avg_loss=0.3835
    step 3500/3555  avg_loss=0.3824
    step 3550/3555  avg_loss=0.3825
  Train loss: 0.3823  (3589s)
  Val AUPRC:  0.8884

--- Epoch 5/5 ---
/oscar/data/class/biol1595_2595/students/ewang163/ptsd_env/lib/python3.13/site-packages/torch/utils/data/dataloader.py:624: UserWarning: This DataLoader will create 2 worker processes in total. Our suggested max number of worker in current system is 1, which is smaller than what this DataLoader is going to create. Please be aware that excessive worker creation might get DataLoader running slow or even freeze, lower the worker number to avoid potential slowness/freeze if necessary.
  warnings.warn(
    step 50/3555  avg_loss=0.2518
    step 100/3555  avg_loss=0.2749
    step 150/3555  avg_loss=0.2817
    step 200/3555  avg_loss=0.2834
    step 250/3555  avg_loss=0.2913
    step 300/3555  avg_loss=0.3044
    step 350/3555  avg_loss=0.3019
    step 400/3555  avg_loss=0.3268
    step 450/3555  avg_loss=0.3289
    step 500/3555  avg_loss=0.3279
    step 550/3555  avg_loss=0.3264
    step 600/3555  avg_loss=0.3257
    step 650/3555  avg_loss=0.3233
    step 700/3555  avg_loss=0.3265
    step 750/3555  avg_loss=0.3290
    step 800/3555  avg_loss=0.3298
    step 850/3555  avg_loss=0.3300
    step 900/3555  avg_loss=0.3327
    step 950/3555  avg_loss=0.3336
    step 1000/3555  avg_loss=0.3297
    step 1050/3555  avg_loss=0.3292
    step 1100/3555  avg_loss=0.3260
    step 1150/3555  avg_loss=0.3248
    step 1200/3555  avg_loss=0.3230
    step 1250/3555  avg_loss=0.3219
    step 1300/3555  avg_loss=0.3225
    step 1350/3555  avg_loss=0.3226
    step 1400/3555  avg_loss=0.3220
    step 1450/3555  avg_loss=0.3209
    step 1500/3555  avg_loss=0.3186
    step 1550/3555  avg_loss=0.3170
    step 1600/3555  avg_loss=0.3143
    step 1650/3555  avg_loss=0.3144
    step 1700/3555  avg_loss=0.3146
    step 1750/3555  avg_loss=0.3161
    step 1800/3555  avg_loss=0.3145
    step 1850/3555  avg_loss=0.3152
    step 1900/3555  avg_loss=0.3142
    step 1950/3555  avg_loss=0.3124
    step 2000/3555  avg_loss=0.3112
    step 2050/3555  avg_loss=0.3119
    step 2100/3555  avg_loss=0.3112
    step 2150/3555  avg_loss=0.3112
    step 2200/3555  avg_loss=0.3105
    step 2250/3555  avg_loss=0.3087
    step 2300/3555  avg_loss=0.3097
    step 2350/3555  avg_loss=0.3095
    step 2400/3555  avg_loss=0.3088
    step 2450/3555  avg_loss=0.3099
    step 2500/3555  avg_loss=0.3091
    step 2550/3555  avg_loss=0.3099
    step 2600/3555  avg_loss=0.3094
    step 2650/3555  avg_loss=0.3118
    step 2700/3555  avg_loss=0.3115
    step 2750/3555  avg_loss=0.3114
    step 2800/3555  avg_loss=0.3130
    step 2850/3555  avg_loss=0.3126
    step 2900/3555  avg_loss=0.3116
    step 2950/3555  avg_loss=0.3123
    step 3000/3555  avg_loss=0.3127
    step 3050/3555  avg_loss=0.3127
    step 3100/3555  avg_loss=0.3119
    step 3150/3555  avg_loss=0.3109
    step 3200/3555  avg_loss=0.3111
    step 3250/3555  avg_loss=0.3114
    step 3300/3555  avg_loss=0.3101
    step 3350/3555  avg_loss=0.3092
    step 3400/3555  avg_loss=0.3092
    step 3450/3555  avg_loss=0.3098
    step 3500/3555  avg_loss=0.3085
    step 3550/3555  avg_loss=0.3091
  Train loss: 0.3095  (3592s)
  Val AUPRC:  0.8869

[8/8] Evaluating best checkpoint ...
Loading weights:   0%|          | 0/273 [00:00<?, ?it/s]Loading weights: 100%|██████████| 273/273 [00:00<00:00, 20670.92it/s]
/oscar/data/class/biol1595_2595/students/ewang163/ptsd_env/lib/python3.13/site-packages/torch/utils/data/dataloader.py:624: UserWarning: This DataLoader will create 2 worker processes in total. Our suggested max number of worker in current system is 1, which is smaller than what this DataLoader is going to create. Please be aware that excessive worker creation might get DataLoader running slow or even freeze, lower the worker number to avoid potential slowness/freeze if necessary.
  warnings.warn(
  Proxy patients: mean predicted prob = 0.3445 (n=102)
  → /oscar/data/class/biol1595_2595/students/ewang163/ewang163_specificity_eval_results.json

=================================================================
SPECIFICITY ANALYSIS RESULTS
=================================================================

  Specificity test set (PTSD+ vs psychiatric controls):
    AUPRC:       0.9109
    AUROC:       0.8145
    Sensitivity: 0.8523
    Specificity: 0.5810
    Precision:   0.8211
    F1:          0.8364

  Proxy patients (external check):
    Mean predicted PTSD probability: 0.3445

  COMPARISON TO PU MODEL:
    PU model AUPRC (unlabeled pool):       0.8827
    Specificity model AUPRC (psych ctrl):  0.9109
    Delta:                                 +0.0282

  INTERPRETATION: Small or no drop (+0.0282).
  The model appears to learn PTSD-specific signal, not just
  general psychiatric language. This is reassuring.

Done.
