## SLURM PROLOG ###############################################################
##    Job ID : 1699160
##  Job Name : ig_full
##  Nodelist : gpu3002
##      CPUs : 
##  Mem/Node : 49152 MB
## Directory : /oscar/data/class/biol1595_2595/students/ewang163
##   Job Started : Thu Apr 16 04:19:59 AM EDT 2026
###############################################################################
=================================================================
PTSD NLP — Integrated Gradients Attribution v2
=================================================================

Device: cuda
  GPU: NVIDIA L40S

[1/5] Loading model and tokenizer ...
Loading weights:   0%|          | 0/273 [00:00<?, ?it/s]Loading weights: 100%|██████████| 273/273 [00:00<00:00, 44041.89it/s]
Initializing global attention on CLS token...
  IntegratedGradients initialized on embedding inputs

[2/5] Selecting high-confidence true positive patients ...
  Running inference on positive test patients ...
  Positive test patients: 660
  Top decile threshold: 0.9985
  Patients in top decile: 66
  Selected for attribution: 50

[3/5] Loading raw discharge notes for section boundaries ...
  Loaded 50 raw notes

[4/5] Computing Integrated Gradients (this may take a while) ...
  [10/50] 84s elapsed, 9 ok, 0 fail
  [20/50] 178s elapsed, 19 ok, 0 fail
  [30/50] 271s elapsed, 29 ok, 0 fail
  [40/50] 364s elapsed, 39 ok, 0 fail
  [50/50] 458s elapsed, 49 ok, 0 fail

  Completed: 50 succeeded, 0 failed out of 50 patients in 467s
  Failures log: /oscar/data/class/biol1595_2595/students/ewang163/results/attribution/ewang163_attribution_failures_v2.log

[5/5] Aggregating results ...

  Section-level attribution:
  Section                             Total  % Total   Tokens   Mean/Token
  ------------------------------ ---------- -------- -------- ------------
  history of present illness       153.8489   36.35%    24823     0.006198
  brief hospital course            152.1188   35.94%    28486     0.005340
  past medical history             111.2079   26.28%     5299     0.020987
  unknown                            3.9028    0.92%      405     0.009637
  social history                     2.1627    0.51%      523     0.004135
  → /oscar/data/class/biol1595_2595/students/ewang163/results/attribution/ewang163_attribution_by_section_v2.csv

  Top 20 tokens by mean |attribution| (min 3 occurrences):
  Token                 Mean |Attr|        Std      N
  -------------------- ------------ ---------- ------
  ts                       0.234246   0.251866     82
  mas                      0.184260   0.164547     70
  ipolar                   0.133993   0.171006     15
  ed                       0.092065   0.200426    244
  disorder                 0.074827   0.067574     52
  xiety                    0.073466   0.094104     17
  personality              0.066050   0.037560      9
  ines                     0.062350   0.087710      3
  bipolar                  0.056882   0.065743     14
  intoxicated              0.054894   0.104156      6
  hma                      0.054518   0.044832     11
  substance                0.053561   0.093189     19
  depression               0.050638   0.131240     42
  ferred                   0.049744   0.043222      7
  fiance                   0.048969   0.092414      5
  abusive                  0.043861   0.017848      3
  mur                      0.040908   0.038413      4
  ression                  0.040698   0.053689     26
  cognitive                0.039728   0.029291      3
  psychiatric              0.037454   0.037537     31
  → /oscar/data/class/biol1595_2595/students/ewang163/results/attribution/ewang163_top_attributed_tokens_v2.csv

=================================================================
INTERPRETATION
=================================================================
  Highest-attribution section: history of present illness (36.4% of total)
  Top 3 attributed tokens: ts, mas, ipolar

  Expected: social history and HPI sections should drive
  predictions if the model learns genuine clinical signal.
  High PMH attribution may indicate residual label leakage.

Done.
