## SLURM PROLOG ###############################################################
##    Job ID : 1699147
##  Job Name : lf_pip0.12
##  Nodelist : gpu3001
##      CPUs : 
##  Mem/Node : 32768 MB
## Directory : /oscar/data/class/biol1595_2595/students/ewang163
##   Job Started : Thu Apr 16 10:07:42 AM EDT 2026
###############################################################################
=================================================================
PTSD NLP — Clinical Longformer + PU Loss Training
=================================================================
Warning: You are sending unauthenticated requests to the HF Hub. Please set a HF_TOKEN to enable higher rate limits and faster downloads.

Device: cuda
  GPU: NVIDIA L40S
  Memory: 47.7 GB

[1/4] Loading data ...
  Splits: /oscar/data/class/biol1595_2595/students/ewang163/data/splits/ewang163_split_train.parquet
  Using CLI-specified pi_p = 0.1200
  Train: 11,837 rows  (pos=4,710, unl=7,127)
  Val:   1,471 rows

[2/4] Loading Clinical Longformer ...
Loading weights:   0%|          | 0/269 [00:00<?, ?it/s]Loading weights: 100%|██████████| 269/269 [00:00<00:00, 48031.83it/s]
[1mLongformerForSequenceClassification LOAD REPORT[0m from: yikuan8/Clinical-Longformer
Key                                | Status     | 
-----------------------------------+------------+-
lm_head.decoder.bias               | UNEXPECTED | 
lm_head.decoder.weight             | UNEXPECTED | 
lm_head.layer_norm.bias            | UNEXPECTED | 
lm_head.layer_norm.weight          | UNEXPECTED | 
lm_head.dense.bias                 | UNEXPECTED | 
lm_head.dense.weight               | UNEXPECTED | 
lm_head.bias                       | UNEXPECTED | 
longformer.embeddings.position_ids | UNEXPECTED | 
classifier.out_proj.bias           | MISSING    | 
classifier.dense.weight            | MISSING    | 
classifier.out_proj.weight         | MISSING    | 
classifier.dense.bias              | MISSING    | 

Notes:
- UNEXPECTED:	can be ignored when loading from different task/architecture; not ok if you expect identical arch.
- MISSING:	those params were newly initialized because missing from the checkpoint. Consider training on your downstream task.
/oscar/data/class/biol1595_2595/students/ewang163/ptsd_env/lib/python3.13/site-packages/torch/utils/data/dataloader.py:624: UserWarning: This DataLoader will create 2 worker processes in total. Our suggested max number of worker in current system is 1, which is smaller than what this DataLoader is going to create. Please be aware that excessive worker creation might get DataLoader running slow or even freeze, lower the worker number to avoid potential slowness/freeze if necessary.
  warnings.warn(
  Parameters: 148,660,994 total, 148,660,994 trainable
  Gradient checkpointing: enabled
  Mixed precision (fp16): enabled

[3/4] Preparing datasets ...
  Total optimizer steps: 1,845
  Warmup steps: 184

[4/4] Training ...

--- Epoch 1/5 ---
Initializing global attention on CLS token...
    step 50/5919  avg_loss=0.6942
    step 100/5919  avg_loss=0.6958
    step 150/5919  avg_loss=0.6941
    step 200/5919  avg_loss=0.6914
    step 250/5919  avg_loss=0.6904
    step 300/5919  avg_loss=0.6866
    step 350/5919  avg_loss=0.6790
    step 400/5919  avg_loss=0.6746
    step 450/5919  avg_loss=0.6658
    step 500/5919  avg_loss=0.6569
    step 550/5919  avg_loss=0.6544
    step 600/5919  avg_loss=0.6401
    step 650/5919  avg_loss=0.6296
    step 700/5919  avg_loss=0.6173
    step 750/5919  avg_loss=0.6202
    step 800/5919  avg_loss=0.6119
    step 850/5919  avg_loss=0.6070
    step 900/5919  avg_loss=0.5981
    step 950/5919  avg_loss=0.5906
    step 1000/5919  avg_loss=0.5889
    step 1050/5919  avg_loss=0.5915
    step 1100/5919  avg_loss=0.5925
    step 1150/5919  avg_loss=0.5860
    step 1200/5919  avg_loss=0.5787
    step 1250/5919  avg_loss=0.5754
    step 1300/5919  avg_loss=0.5694
    step 1350/5919  avg_loss=0.5662
    step 1400/5919  avg_loss=0.5618
    step 1450/5919  avg_loss=0.5601
    step 1500/5919  avg_loss=0.5580
    step 1550/5919  avg_loss=0.5566
    step 1600/5919  avg_loss=0.5585
    step 1650/5919  avg_loss=0.5579
    step 1700/5919  avg_loss=0.5560
    step 1750/5919  avg_loss=0.5555
    step 1800/5919  avg_loss=0.5602
    step 1850/5919  avg_loss=0.5576
    step 1900/5919  avg_loss=0.5573
    step 1950/5919  avg_loss=0.5529
    step 2000/5919  avg_loss=0.5491
    step 2050/5919  avg_loss=0.5471
    step 2100/5919  avg_loss=0.5441
    step 2150/5919  avg_loss=0.5432
    step 2200/5919  avg_loss=0.5434
    step 2250/5919  avg_loss=0.5421
    step 2300/5919  avg_loss=0.5390
    step 2350/5919  avg_loss=0.5371
    step 2400/5919  avg_loss=0.5333
    step 2450/5919  avg_loss=0.5321
    step 2500/5919  avg_loss=0.5278
    step 2550/5919  avg_loss=0.5251
    step 2600/5919  avg_loss=0.5221
    step 2650/5919  avg_loss=0.5185
    step 2700/5919  avg_loss=0.5150
    step 2750/5919  avg_loss=0.5134
    step 2800/5919  avg_loss=0.5110
    step 2850/5919  avg_loss=0.5097
    step 2900/5919  avg_loss=0.5076
    step 2950/5919  avg_loss=0.5037
    step 3000/5919  avg_loss=0.5011
    step 3050/5919  avg_loss=0.4973
    step 3100/5919  avg_loss=0.4938
    step 3150/5919  avg_loss=0.4907
    step 3200/5919  avg_loss=0.4878
    step 3250/5919  avg_loss=0.4852
    step 3300/5919  avg_loss=0.4832
    step 3350/5919  avg_loss=0.4823
    step 3400/5919  avg_loss=0.4791
    step 3450/5919  avg_loss=0.4786
    step 3500/5919  avg_loss=0.4759
    step 3550/5919  avg_loss=0.4748
    step 3600/5919  avg_loss=0.4720
    step 3650/5919  avg_loss=0.4688
    step 3700/5919  avg_loss=0.4673
    step 3750/5919  avg_loss=0.4653
    step 3800/5919  avg_loss=0.4641
    step 3850/5919  avg_loss=0.4620
    step 3900/5919  avg_loss=0.4606
    step 3950/5919  avg_loss=0.4592
    step 4000/5919  avg_loss=0.4573
    step 4050/5919  avg_loss=0.4563
    step 4100/5919  avg_loss=0.4560
    step 4150/5919  avg_loss=0.4551
    step 4200/5919  avg_loss=0.4545
    step 4250/5919  avg_loss=0.4521
    step 4300/5919  avg_loss=0.4503
    step 4350/5919  avg_loss=0.4490
    step 4400/5919  avg_loss=0.4466
    step 4450/5919  avg_loss=0.4445
    step 4500/5919  avg_loss=0.4432
    step 4550/5919  avg_loss=0.4419
    step 4600/5919  avg_loss=0.4387
    step 4650/5919  avg_loss=0.4393
    step 4700/5919  avg_loss=0.4369
    step 4750/5919  avg_loss=0.4355
    step 4800/5919  avg_loss=0.4325
    step 4850/5919  avg_loss=0.4319
    step 4900/5919  avg_loss=0.4317
    step 4950/5919  avg_loss=0.4318
    step 5000/5919  avg_loss=0.4319
    step 5050/5919  avg_loss=0.4298
    step 5100/5919  avg_loss=0.4274
    step 5150/5919  avg_loss=0.4270
    step 5200/5919  avg_loss=0.4265
    step 5250/5919  avg_loss=0.4245
    step 5300/5919  avg_loss=0.4238
    step 5350/5919  avg_loss=0.4239
    step 5400/5919  avg_loss=0.4232
    step 5450/5919  avg_loss=0.4226
    step 5500/5919  avg_loss=0.4210
    step 5550/5919  avg_loss=0.4196
    step 5600/5919  avg_loss=0.4180
    step 5650/5919  avg_loss=0.4163
    step 5700/5919  avg_loss=0.4165
    step 5750/5919  avg_loss=0.4168
    step 5800/5919  avg_loss=0.4153
    step 5850/5919  avg_loss=0.4144
    step 5900/5919  avg_loss=0.4133
  Train loss: 0.4128  (3982s)
  Val AUPRC:  0.8659  (149s)
Writing model shards:   0%|          | 0/1 [00:00<?, ?it/s]Writing model shards: 100%|██████████| 1/1 [00:00<00:00,  1.59it/s]Writing model shards: 100%|██████████| 1/1 [00:00<00:00,  1.59it/s]
  >> New best model saved (AUPRC=0.8659)

--- Epoch 2/5 ---
/oscar/data/class/biol1595_2595/students/ewang163/ptsd_env/lib/python3.13/site-packages/torch/utils/data/dataloader.py:624: UserWarning: This DataLoader will create 2 worker processes in total. Our suggested max number of worker in current system is 1, which is smaller than what this DataLoader is going to create. Please be aware that excessive worker creation might get DataLoader running slow or even freeze, lower the worker number to avoid potential slowness/freeze if necessary.
  warnings.warn(
    step 50/5919  avg_loss=0.3379
    step 100/5919  avg_loss=0.2990
    step 150/5919  avg_loss=0.2846
    step 200/5919  avg_loss=0.2761
    step 250/5919  avg_loss=0.2868
    step 300/5919  avg_loss=0.2798
    step 350/5919  avg_loss=0.2652
    step 400/5919  avg_loss=0.2582
    step 450/5919  avg_loss=0.2647
    step 500/5919  avg_loss=0.2623
    step 550/5919  avg_loss=0.2651
    step 600/5919  avg_loss=0.2678
    step 650/5919  avg_loss=0.2659
    step 700/5919  avg_loss=0.2636
    step 750/5919  avg_loss=0.2674
    step 800/5919  avg_loss=0.2703
    step 850/5919  avg_loss=0.2676
    step 900/5919  avg_loss=0.2674
    step 950/5919  avg_loss=0.2690
    step 1000/5919  avg_loss=0.2688
    step 1050/5919  avg_loss=0.2756
    step 1100/5919  avg_loss=0.2736
    step 1150/5919  avg_loss=0.2776
    step 1200/5919  avg_loss=0.2783
    step 1250/5919  avg_loss=0.2780
    step 1300/5919  avg_loss=0.2798
    step 1350/5919  avg_loss=0.2786
    step 1400/5919  avg_loss=0.2789
    step 1450/5919  avg_loss=0.2778
    step 1500/5919  avg_loss=0.2806
    step 1550/5919  avg_loss=0.2825
    step 1600/5919  avg_loss=0.2814
    step 1650/5919  avg_loss=0.2809
    step 1700/5919  avg_loss=0.2797
    step 1750/5919  avg_loss=0.2786
    step 1800/5919  avg_loss=0.2781
    step 1850/5919  avg_loss=0.2775
    step 1900/5919  avg_loss=0.2752
    step 1950/5919  avg_loss=0.2755
    step 2000/5919  avg_loss=0.2740
    step 2050/5919  avg_loss=0.2746
    step 2100/5919  avg_loss=0.2739
    step 2150/5919  avg_loss=0.2742
    step 2200/5919  avg_loss=0.2733
    step 2250/5919  avg_loss=0.2748
    step 2300/5919  avg_loss=0.2749
    step 2350/5919  avg_loss=0.2745
    step 2400/5919  avg_loss=0.2763
    step 2450/5919  avg_loss=0.2765
    step 2500/5919  avg_loss=0.2772
    step 2550/5919  avg_loss=0.2769
    step 2600/5919  avg_loss=0.2744
    step 2650/5919  avg_loss=0.2737
    step 2700/5919  avg_loss=0.2734
    step 2750/5919  avg_loss=0.2714
    step 2800/5919  avg_loss=0.2719
    step 2850/5919  avg_loss=0.2710
    step 2900/5919  avg_loss=0.2727
    step 2950/5919  avg_loss=0.2730
    step 3000/5919  avg_loss=0.2730
    step 3050/5919  avg_loss=0.2750
    step 3100/5919  avg_loss=0.2748
    step 3150/5919  avg_loss=0.2742
    step 3200/5919  avg_loss=0.2746
    step 3250/5919  avg_loss=0.2746
    step 3300/5919  avg_loss=0.2748
    step 3350/5919  avg_loss=0.2758
    step 3400/5919  avg_loss=0.2756
    step 3450/5919  avg_loss=0.2755
    step 3500/5919  avg_loss=0.2743
    step 3550/5919  avg_loss=0.2734
    step 3600/5919  avg_loss=0.2733
    step 3650/5919  avg_loss=0.2731
    step 3700/5919  avg_loss=0.2712
    step 3750/5919  avg_loss=0.2709
    step 3800/5919  avg_loss=0.2715
    step 3850/5919  avg_loss=0.2703
    step 3900/5919  avg_loss=0.2712
    step 3950/5919  avg_loss=0.2707
    step 4000/5919  avg_loss=0.2709
    step 4050/5919  avg_loss=0.2701
    step 4100/5919  avg_loss=0.2693
    step 4150/5919  avg_loss=0.2680
    step 4200/5919  avg_loss=0.2679
    step 4250/5919  avg_loss=0.2666
    step 4300/5919  avg_loss=0.2655
    step 4350/5919  avg_loss=0.2650
    step 4400/5919  avg_loss=0.2649
    step 4450/5919  avg_loss=0.2647
    step 4500/5919  avg_loss=0.2635
    step 4550/5919  avg_loss=0.2629
    step 4600/5919  avg_loss=0.2614
    step 4650/5919  avg_loss=0.2615
    step 4700/5919  avg_loss=0.2601
    step 4750/5919  avg_loss=0.2596
    step 4800/5919  avg_loss=0.2588
    step 4850/5919  avg_loss=0.2597
    step 4900/5919  avg_loss=0.2600
    step 4950/5919  avg_loss=0.2605
    step 5000/5919  avg_loss=0.2599
    step 5050/5919  avg_loss=0.2602
    step 5100/5919  avg_loss=0.2595
    step 5150/5919  avg_loss=0.2599
    step 5200/5919  avg_loss=0.2597
    step 5250/5919  avg_loss=0.2596
    step 5300/5919  avg_loss=0.2603
    step 5350/5919  avg_loss=0.2612
    step 5400/5919  avg_loss=0.2621
    step 5450/5919  avg_loss=0.2631
    step 5500/5919  avg_loss=0.2634
    step 5550/5919  avg_loss=0.2632
    step 5600/5919  avg_loss=0.2631
    step 5650/5919  avg_loss=0.2628
    step 5700/5919  avg_loss=0.2625
    step 5750/5919  avg_loss=0.2618
    step 5800/5919  avg_loss=0.2620
    step 5850/5919  avg_loss=0.2622
    step 5900/5919  avg_loss=0.2611
  Train loss: 0.2609  (3979s)
  Val AUPRC:  0.8711  (147s)
Writing model shards:   0%|          | 0/1 [00:00<?, ?it/s]Writing model shards: 100%|██████████| 1/1 [00:00<00:00,  1.26it/s]Writing model shards: 100%|██████████| 1/1 [00:00<00:00,  1.25it/s]
  >> New best model saved (AUPRC=0.8711)

--- Epoch 3/5 ---
/oscar/data/class/biol1595_2595/students/ewang163/ptsd_env/lib/python3.13/site-packages/torch/utils/data/dataloader.py:624: UserWarning: This DataLoader will create 2 worker processes in total. Our suggested max number of worker in current system is 1, which is smaller than what this DataLoader is going to create. Please be aware that excessive worker creation might get DataLoader running slow or even freeze, lower the worker number to avoid potential slowness/freeze if necessary.
  warnings.warn(
    step 50/5919  avg_loss=0.1735
    step 100/5919  avg_loss=0.1871
    step 150/5919  avg_loss=0.1876
    step 200/5919  avg_loss=0.1731
    step 250/5919  avg_loss=0.2290
    step 300/5919  avg_loss=0.2207
    step 350/5919  avg_loss=0.2044
    step 400/5919  avg_loss=0.2094
    step 450/5919  avg_loss=0.2052
    step 500/5919  avg_loss=0.2147
    step 550/5919  avg_loss=0.2211
    step 600/5919  avg_loss=0.2175
    step 650/5919  avg_loss=0.2188
    step 700/5919  avg_loss=0.2219
    step 750/5919  avg_loss=0.2261
    step 800/5919  avg_loss=0.2254
    step 850/5919  avg_loss=0.2203
    step 900/5919  avg_loss=0.2178
    step 950/5919  avg_loss=0.2189
    step 1000/5919  avg_loss=0.2144
    step 1050/5919  avg_loss=0.2142
    step 1100/5919  avg_loss=0.2167
    step 1150/5919  avg_loss=0.2184
    step 1200/5919  avg_loss=0.2189
    step 1250/5919  avg_loss=0.2161
    step 1300/5919  avg_loss=0.2164
    step 1350/5919  avg_loss=0.2148
    step 1400/5919  avg_loss=0.2148
    step 1450/5919  avg_loss=0.2137
    step 1500/5919  avg_loss=0.2162
    step 1550/5919  avg_loss=0.2137
    step 1600/5919  avg_loss=0.2160
    step 1650/5919  avg_loss=0.2173
    step 1700/5919  avg_loss=0.2185
    step 1750/5919  avg_loss=0.2169
    step 1800/5919  avg_loss=0.2164
    step 1850/5919  avg_loss=0.2146
    step 1900/5919  avg_loss=0.2136
    step 1950/5919  avg_loss=0.2152
    step 2000/5919  avg_loss=0.2137
    step 2050/5919  avg_loss=0.2113
    step 2100/5919  avg_loss=0.2105
    step 2150/5919  avg_loss=0.2096
    step 2200/5919  avg_loss=0.2118
    step 2250/5919  avg_loss=0.2150
    step 2300/5919  avg_loss=0.2162
    step 2350/5919  avg_loss=0.2159
    step 2400/5919  avg_loss=0.2150
    step 2450/5919  avg_loss=0.2128
    step 2500/5919  avg_loss=0.2127
    step 2550/5919  avg_loss=0.2128
    step 2600/5919  avg_loss=0.2141
    step 2650/5919  avg_loss=0.2147
    step 2700/5919  avg_loss=0.2157
    step 2750/5919  avg_loss=0.2160
    step 2800/5919  avg_loss=0.2159
    step 2850/5919  avg_loss=0.2156
    step 2900/5919  avg_loss=0.2160
    step 2950/5919  avg_loss=0.2155
    step 3000/5919  avg_loss=0.2158
    step 3050/5919  avg_loss=0.2159
    step 3100/5919  avg_loss=0.2175
    step 3150/5919  avg_loss=0.2174
    step 3200/5919  avg_loss=0.2180
    step 3250/5919  avg_loss=0.2178
    step 3300/5919  avg_loss=0.2176
    step 3350/5919  avg_loss=0.2167
    step 3400/5919  avg_loss=0.2170
    step 3450/5919  avg_loss=0.2184
    step 3500/5919  avg_loss=0.2181
    step 3550/5919  avg_loss=0.2182
    step 3600/5919  avg_loss=0.2197
    step 3650/5919  avg_loss=0.2207
    step 3700/5919  avg_loss=0.2211
    step 3750/5919  avg_loss=0.2211
    step 3800/5919  avg_loss=0.2211
    step 3850/5919  avg_loss=0.2209
    step 3900/5919  avg_loss=0.2212
    step 3950/5919  avg_loss=0.2206
    step 4000/5919  avg_loss=0.2206
    step 4050/5919  avg_loss=0.2206
    step 4100/5919  avg_loss=0.2214
    step 4150/5919  avg_loss=0.2238
    step 4200/5919  avg_loss=0.2245
    step 4250/5919  avg_loss=0.2245
    step 4300/5919  avg_loss=0.2242
    step 4350/5919  avg_loss=0.2239
    step 4400/5919  avg_loss=0.2241
    step 4450/5919  avg_loss=0.2234
    step 4500/5919  avg_loss=0.2227
    step 4550/5919  avg_loss=0.2228
    step 4600/5919  avg_loss=0.2231
    step 4650/5919  avg_loss=0.2231
    step 4700/5919  avg_loss=0.2226
    step 4750/5919  avg_loss=0.2228
    step 4800/5919  avg_loss=0.2224
    step 4850/5919  avg_loss=0.2218
    step 4900/5919  avg_loss=0.2211
    step 4950/5919  avg_loss=0.2215
    step 5000/5919  avg_loss=0.2224
    step 5050/5919  avg_loss=0.2226
    step 5100/5919  avg_loss=0.2220
    step 5150/5919  avg_loss=0.2209
    step 5200/5919  avg_loss=0.2202
    step 5250/5919  avg_loss=0.2204
    step 5300/5919  avg_loss=0.2194
    step 5350/5919  avg_loss=0.2198
    step 5400/5919  avg_loss=0.2193
    step 5450/5919  avg_loss=0.2200
    step 5500/5919  avg_loss=0.2191
    step 5550/5919  avg_loss=0.2187
    step 5600/5919  avg_loss=0.2184
    step 5650/5919  avg_loss=0.2206
    step 5700/5919  avg_loss=0.2209
    step 5750/5919  avg_loss=0.2215
    step 5800/5919  avg_loss=0.2216
    step 5850/5919  avg_loss=0.2208
    step 5900/5919  avg_loss=0.2211
  Train loss: 0.2207  (3977s)
  Val AUPRC:  0.8761  (148s)
Writing model shards:   0%|          | 0/1 [00:00<?, ?it/s]Writing model shards: 100%|██████████| 1/1 [00:00<00:00,  1.41it/s]Writing model shards: 100%|██████████| 1/1 [00:00<00:00,  1.41it/s]
  >> New best model saved (AUPRC=0.8761)

--- Epoch 4/5 ---
/oscar/data/class/biol1595_2595/students/ewang163/ptsd_env/lib/python3.13/site-packages/torch/utils/data/dataloader.py:624: UserWarning: This DataLoader will create 2 worker processes in total. Our suggested max number of worker in current system is 1, which is smaller than what this DataLoader is going to create. Please be aware that excessive worker creation might get DataLoader running slow or even freeze, lower the worker number to avoid potential slowness/freeze if necessary.
  warnings.warn(
    step 50/5919  avg_loss=0.1479
    step 100/5919  avg_loss=0.1555
    step 150/5919  avg_loss=0.2232
    step 200/5919  avg_loss=0.2053
    step 250/5919  avg_loss=0.1908
    step 300/5919  avg_loss=0.1917
    step 350/5919  avg_loss=0.1951
    step 400/5919  avg_loss=0.1886
    step 450/5919  avg_loss=0.1768
    step 500/5919  avg_loss=0.1851
    step 550/5919  avg_loss=0.1925
    step 600/5919  avg_loss=0.1963
    step 650/5919  avg_loss=0.2007
    step 700/5919  avg_loss=0.2004
    step 750/5919  avg_loss=0.2007
    step 800/5919  avg_loss=0.2080
    step 850/5919  avg_loss=0.2036
    step 900/5919  avg_loss=0.2013
    step 950/5919  avg_loss=0.2006
    step 1000/5919  avg_loss=0.2022
    step 1050/5919  avg_loss=0.1981
    step 1100/5919  avg_loss=0.1937
    step 1150/5919  avg_loss=0.1983
    step 1200/5919  avg_loss=0.1974
    step 1250/5919  avg_loss=0.1987
    step 1300/5919  avg_loss=0.1986
    step 1350/5919  avg_loss=0.2015
    step 1400/5919  avg_loss=0.1995
    step 1450/5919  avg_loss=0.1969
    step 1500/5919  avg_loss=0.1945
    step 1550/5919  avg_loss=0.1967
    step 1600/5919  avg_loss=0.1955
    step 1650/5919  avg_loss=0.1964
    step 1700/5919  avg_loss=0.1962
    step 1750/5919  avg_loss=0.1950
    step 1800/5919  avg_loss=0.1926
    step 1850/5919  avg_loss=0.1917
    step 1900/5919  avg_loss=0.1935
    step 1950/5919  avg_loss=0.1926
    step 2000/5919  avg_loss=0.1919
    step 2050/5919  avg_loss=0.1910
    step 2100/5919  avg_loss=0.1898
    step 2150/5919  avg_loss=0.1901
    step 2200/5919  avg_loss=0.1908
    step 2250/5919  avg_loss=0.1899
    step 2300/5919  avg_loss=0.1877
    step 2350/5919  avg_loss=0.1866
    step 2400/5919  avg_loss=0.1849
    step 2450/5919  avg_loss=0.1853
    step 2500/5919  avg_loss=0.1836
    step 2550/5919  avg_loss=0.1834
    step 2600/5919  avg_loss=0.1843
    step 2650/5919  avg_loss=0.1840
    step 2700/5919  avg_loss=0.1830
    step 2750/5919  avg_loss=0.1824
    step 2800/5919  avg_loss=0.1822
    step 2850/5919  avg_loss=0.1822
    step 2900/5919  avg_loss=0.1800
    step 2950/5919  avg_loss=0.1790
    step 3000/5919  avg_loss=0.1780
    step 3050/5919  avg_loss=0.1799
    step 3100/5919  avg_loss=0.1802
    step 3150/5919  avg_loss=0.1793
    step 3200/5919  avg_loss=0.1792
    step 3250/5919  avg_loss=0.1792
    step 3300/5919  avg_loss=0.1786
    step 3350/5919  avg_loss=0.1801
    step 3400/5919  avg_loss=0.1791
    step 3450/5919  avg_loss=0.1790
    step 3500/5919  avg_loss=0.1792
    step 3550/5919  avg_loss=0.1802
    step 3600/5919  avg_loss=0.1787
    step 3650/5919  avg_loss=0.1779
    step 3700/5919  avg_loss=0.1781
    step 3750/5919  avg_loss=0.1798
    step 3800/5919  avg_loss=0.1798
    step 3850/5919  avg_loss=0.1811
    step 3900/5919  avg_loss=0.1817
    step 3950/5919  avg_loss=0.1810
    step 4000/5919  avg_loss=0.1810
    step 4050/5919  avg_loss=0.1812
    step 4100/5919  avg_loss=0.1804
    step 4150/5919  avg_loss=0.1800
    step 4200/5919  avg_loss=0.1804
    step 4250/5919  avg_loss=0.1804
    step 4300/5919  avg_loss=0.1804
    step 4350/5919  avg_loss=0.1809
    step 4400/5919  avg_loss=0.1805
    step 4450/5919  avg_loss=0.1799
    step 4500/5919  avg_loss=0.1799
    step 4550/5919  avg_loss=0.1799
    step 4600/5919  avg_loss=0.1797
    step 4650/5919  avg_loss=0.1799
    step 4700/5919  avg_loss=0.1793
    step 4750/5919  avg_loss=0.1795
    step 4800/5919  avg_loss=0.1796
    step 4850/5919  avg_loss=0.1808
    step 4900/5919  avg_loss=0.1804
    step 4950/5919  avg_loss=0.1796
    step 5000/5919  avg_loss=0.1796
    step 5050/5919  avg_loss=0.1797
    step 5100/5919  avg_loss=0.1796
    step 5150/5919  avg_loss=0.1796
    step 5200/5919  avg_loss=0.1795
    step 5250/5919  avg_loss=0.1793
    step 5300/5919  avg_loss=0.1787
    step 5350/5919  avg_loss=0.1795
    step 5400/5919  avg_loss=0.1789
    step 5450/5919  avg_loss=0.1780
    step 5500/5919  avg_loss=0.1775
    step 5550/5919  avg_loss=0.1772
    step 5600/5919  avg_loss=0.1770
    step 5650/5919  avg_loss=0.1771
    step 5700/5919  avg_loss=0.1778
    step 5750/5919  avg_loss=0.1774
    step 5800/5919  avg_loss=0.1781
    step 5850/5919  avg_loss=0.1784
    step 5900/5919  avg_loss=0.1781
  Train loss: 0.1785  (3979s)
  Val AUPRC:  0.8776  (148s)
Writing model shards:   0%|          | 0/1 [00:00<?, ?it/s]Writing model shards: 100%|██████████| 1/1 [00:00<00:00,  1.39it/s]Writing model shards: 100%|██████████| 1/1 [00:00<00:00,  1.39it/s]
  >> New best model saved (AUPRC=0.8776)

--- Epoch 5/5 ---
/oscar/data/class/biol1595_2595/students/ewang163/ptsd_env/lib/python3.13/site-packages/torch/utils/data/dataloader.py:624: UserWarning: This DataLoader will create 2 worker processes in total. Our suggested max number of worker in current system is 1, which is smaller than what this DataLoader is going to create. Please be aware that excessive worker creation might get DataLoader running slow or even freeze, lower the worker number to avoid potential slowness/freeze if necessary.
  warnings.warn(
    step 50/5919  avg_loss=0.1947
    step 100/5919  avg_loss=0.1867
    step 150/5919  avg_loss=0.1825
    step 200/5919  avg_loss=0.1671
    step 250/5919  avg_loss=0.1775
    step 300/5919  avg_loss=0.1832
    step 350/5919  avg_loss=0.1814
    step 400/5919  avg_loss=0.1679
    step 450/5919  avg_loss=0.1668
    step 500/5919  avg_loss=0.1640
    step 550/5919  avg_loss=0.1563
    step 600/5919  avg_loss=0.1577
    step 650/5919  avg_loss=0.1624
    step 700/5919  avg_loss=0.1629
    step 750/5919  avg_loss=0.1589
    step 800/5919  avg_loss=0.1560
    step 850/5919  avg_loss=0.1541
    step 900/5919  avg_loss=0.1510
    step 950/5919  avg_loss=0.1564
    step 1000/5919  avg_loss=0.1568
    step 1050/5919  avg_loss=0.1589
    step 1100/5919  avg_loss=0.1639
    step 1150/5919  avg_loss=0.1642
    step 1200/5919  avg_loss=0.1640
    step 1250/5919  avg_loss=0.1619
    step 1300/5919  avg_loss=0.1610
    step 1350/5919  avg_loss=0.1602
    step 1400/5919  avg_loss=0.1575
    step 1450/5919  avg_loss=0.1571
    step 1500/5919  avg_loss=0.1585
    step 1550/5919  avg_loss=0.1578
    step 1600/5919  avg_loss=0.1569
    step 1650/5919  avg_loss=0.1585
    step 1700/5919  avg_loss=0.1563
    step 1750/5919  avg_loss=0.1555
    step 1800/5919  avg_loss=0.1566
    step 1850/5919  avg_loss=0.1559
    step 1900/5919  avg_loss=0.1541
    step 1950/5919  avg_loss=0.1532
    step 2000/5919  avg_loss=0.1553
    step 2050/5919  avg_loss=0.1541
    step 2100/5919  avg_loss=0.1543
    step 2150/5919  avg_loss=0.1535
    step 2200/5919  avg_loss=0.1528
    step 2250/5919  avg_loss=0.1508
    step 2300/5919  avg_loss=0.1507
    step 2350/5919  avg_loss=0.1494
    step 2400/5919  avg_loss=0.1500
    step 2450/5919  avg_loss=0.1512
    step 2500/5919  avg_loss=0.1494
    step 2550/5919  avg_loss=0.1512
    step 2600/5919  avg_loss=0.1509
    step 2650/5919  avg_loss=0.1495
    step 2700/5919  avg_loss=0.1498
    step 2750/5919  avg_loss=0.1492
    step 2800/5919  avg_loss=0.1493
    step 2850/5919  avg_loss=0.1478
    step 2900/5919  avg_loss=0.1478
    step 2950/5919  avg_loss=0.1480
    step 3000/5919  avg_loss=0.1488
    step 3050/5919  avg_loss=0.1496
    step 3100/5919  avg_loss=0.1503
    step 3150/5919  avg_loss=0.1505
    step 3200/5919  avg_loss=0.1494
    step 3250/5919  avg_loss=0.1501
    step 3300/5919  avg_loss=0.1507
    step 3350/5919  avg_loss=0.1505
    step 3400/5919  avg_loss=0.1500
    step 3450/5919  avg_loss=0.1504
    step 3500/5919  avg_loss=0.1493
    step 3550/5919  avg_loss=0.1487
    step 3600/5919  avg_loss=0.1488
    step 3650/5919  avg_loss=0.1482
    step 3700/5919  avg_loss=0.1487
    step 3750/5919  avg_loss=0.1480
    step 3800/5919  avg_loss=0.1479
    step 3850/5919  avg_loss=0.1479
    step 3900/5919  avg_loss=0.1470
    step 3950/5919  avg_loss=0.1460
    step 4000/5919  avg_loss=0.1468
    step 4050/5919  avg_loss=0.1461
    step 4100/5919  avg_loss=0.1467
    step 4150/5919  avg_loss=0.1467
    step 4200/5919  avg_loss=0.1466
    step 4250/5919  avg_loss=0.1468
    step 4300/5919  avg_loss=0.1463
    step 4350/5919  avg_loss=0.1457
    step 4400/5919  avg_loss=0.1455
    step 4450/5919  avg_loss=0.1456
    step 4500/5919  avg_loss=0.1454
    step 4550/5919  avg_loss=0.1453
    step 4600/5919  avg_loss=0.1469
    step 4650/5919  avg_loss=0.1470
    step 4700/5919  avg_loss=0.1463
    step 4750/5919  avg_loss=0.1463
    step 4800/5919  avg_loss=0.1466
    step 4850/5919  avg_loss=0.1459
    step 4900/5919  avg_loss=0.1459
    step 4950/5919  avg_loss=0.1452
    step 5000/5919  avg_loss=0.1445
    step 5050/5919  avg_loss=0.1449
    step 5100/5919  avg_loss=0.1445
    step 5150/5919  avg_loss=0.1442
    step 5200/5919  avg_loss=0.1451
    step 5250/5919  avg_loss=0.1450
    step 5300/5919  avg_loss=0.1452
    step 5350/5919  avg_loss=0.1457
    step 5400/5919  avg_loss=0.1455
    step 5450/5919  avg_loss=0.1453
    step 5500/5919  avg_loss=0.1459
    step 5550/5919  avg_loss=0.1461
    step 5600/5919  avg_loss=0.1462
    step 5650/5919  avg_loss=0.1457
    step 5700/5919  avg_loss=0.1452
    step 5750/5919  avg_loss=0.1447
    step 5800/5919  avg_loss=0.1443
    step 5850/5919  avg_loss=0.1445
    step 5900/5919  avg_loss=0.1443
  Train loss: 0.1441  (3982s)
  Val AUPRC:  0.8736  (147s)
  [BENCH] train_longformer/full_training: 20641.1s wall, 20225.8s cpu, 2.04 GB peak, 5.7336 GPU-h

Training config saved → /oscar/data/class/biol1595_2595/students/ewang163/models/ewang163_longformer_best_pip012/training_config.json
Training log saved → /oscar/data/class/biol1595_2595/students/ewang163/results/metrics/ewang163_longformer_training_log_pip012.csv

=================================================================
TRAINING COMPLETE
=================================================================
  Best validation AUPRC: 0.8776
  Best checkpoint: /oscar/data/class/biol1595_2595/students/ewang163/models/ewang163_longformer_best_pip012
  Class prior pi_p: 0.1200
 epoch  train_loss  val_auprc  train_time_s  val_time_s
     1    0.412846   0.865858        3981.6       148.6
     2    0.260858   0.871114        3979.5       147.3
     3    0.220728   0.876092        3976.8       147.9
     4    0.178505   0.877627        3979.4       147.9
     5    0.144092   0.873550        3981.6       147.3

Done.
