## SLURM PROLOG ###############################################################
##    Job ID : 1732449
##  Job Name : pulsnar_alpha2
##  Nodelist : node2345
##      CPUs : 
##  Mem/Node : 16384 MB
## Directory : /oscar/data/class/biol1595_2595/students/ewang163
##   Job Started : Fri Apr 17 02:58:15 PM EDT 2026
###############################################################################
=================================================================
PTSD NLP — PULSNAR SAR-PU Training (Fix 3, rich features)
  MODE: alpha-only (no GPU retraining)
=================================================================
2026-04-17 15:00:13,469 INFO:cffi mode is CFFI_MODE.ANY
2026-04-17 15:00:13,490 ERROR:Unable to determine R home: [Errno 2] No such file or directory: 'R'
2026-04-17 15:00:13,490 INFO:R home found: None
2026-04-17 15:00:13,504 WARNING:Error importing in API mode: ImportError('libicuuc.so.74: cannot open shared object file: No such file or directory')
2026-04-17 15:00:13,517 WARNING:Trying to import in ABI mode.
2026-04-17 15:00:13,517 WARNING:rpy2 not available (r_home is None. Try python -m rpy2.situation); R bandwidth methods disabled, hist method still works

Device: cpu

[1/5] Loading data ...
  Train: 11,837 (pos=4,710, unl=7,127)
  Empirical labeled fraction: 0.3979

[2/5] Estimating propensities (rich features) ...
  Building propensity features (with prior comorbidities) ...
  Building prior-admission flags from MIMIC streams ...
    Cohort: 9,649 subjects, 5,639 prior admissions total
    prior_MDD: 616 / 9,649 subjects (6.4%)
    prior_anxiety: 608 / 9,649 subjects (6.3%)
    prior_SUD: 691 / 9,649 subjects (7.2%)
    prior_suicidal: 461 / 9,649 subjects (4.8%)
    prior_SSRI: 558 / 9,649 subjects (5.8%)
    prior_prazosin: 43 / 9,649 subjects (0.4%)
    prior_SGA: 379 / 9,649 subjects (3.9%)
    prior_psych_any: 1,009 / 9,649 subjects (10.5%)
  Fitting propensity LR on 9649 patients, 13 features ...
  Propensity model coefficients:
    n_prior_admissions        +5.6317
    prior_psych_any           +1.0328
    medicaid                  +0.8305
    prior_SUD                 +0.6948
    prior_SSRI                +0.6157
    prior_anxiety             +0.5841
    prior_MDD                 +0.5495
    prior_suicidal            +0.4600
    prior_SGA                 +0.4143
    sex_female                +0.0696
    prior_prazosin            +0.0524
    emergency                 +0.0122
    age                       +0.0008
    Propensity range: [0.101, 0.950]
    Propensity mean (pos): 0.768
    Propensity mean (unl): 0.129

[3/5] Estimating class prior with PULSNAR (rich features) ...
  PULSNAR input: 9649 patients, 13 features
  Features: ['sex_female', 'age', 'emergency', 'medicaid', 'n_prior_admissions', 'prior_MDD', 'prior_anxiety', 'prior_SUD', 'prior_suicidal', 'prior_SSRI', 'prior_prazosin', 'prior_SGA', 'prior_psych_any']
Number of clusters in the positive set:  4
  Alpha estimate (rich): 0.0006 (method: PULSNAR (SAR))
  Empirical labeled fraction: 0.3979
  Alpha estimate saved → /oscar/data/class/biol1595_2595/students/ewang163/results/metrics/ewang163_pulsnar_estimates_v2.json

=================================================================
ALPHA-ONLY MODE: exiting without retraining
=================================================================
  Alpha (class prior): 0.0006 (PULSNAR (SAR))
  Empirical labeled fraction: 0.3979
  Delta vs. v1 (alpha=0.1957): -0.1951
