## SLURM PROLOG ###############################################################
##    Job ID : 1742782
##  Job Name : eval_winner
##  Nodelist : gpu2106
##      CPUs : 
##  Mem/Node : 32768 MB
## Directory : /oscar/data/class/biol1595_2595/students/ewang163
##   Job Started : Fri Apr 17 09:58:06 PM EDT 2026
###############################################################################
=================================================================
PTSD NLP — Full Model Evaluation on Test Set
  (Fix 4: thresholds derived from validation set)
=================================================================

Device: cuda
  GPU: NVIDIA GeForce RTX 3090

[1/9] Loading validation and test data ...
  Val:  1,471 notes (pos=580, unl=891)
  Test: 1,551 notes (pos=660, unl=891)

[2/9] Computing val-derived thresholds (Fix 4) ...
  Loading Longformer for val inference ...
Loading weights:   0%|          | 0/273 [00:00<?, ?it/s]Loading weights: 100%|██████████| 273/273 [00:00<00:00, 22829.67it/s]
/oscar/data/class/biol1595_2595/students/ewang163/ptsd_env/lib/python3.13/site-packages/torch/utils/data/dataloader.py:624: UserWarning: This DataLoader will create 2 worker processes in total. Our suggested max number of worker in current system is 1, which is smaller than what this DataLoader is going to create. Please be aware that excessive worker creation might get DataLoader running slow or even freeze, lower the worker number to avoid potential slowness/freeze if necessary.
  warnings.warn(
Initializing global attention on CLS token...
  [BENCH] evaluate/lf_val_inference: 158.7s wall, 144.1s cpu, 1.53 GB peak, 0.0441 GPU-h
    Longformer val threshold: 0.3240
Loading weights:   0%|          | 0/201 [00:00<?, ?it/s]Loading weights: 100%|██████████| 201/201 [00:00<00:00, 22486.27it/s]
/oscar/data/class/biol1595_2595/students/ewang163/ptsd_env/lib/python3.13/site-packages/torch/utils/data/dataloader.py:624: UserWarning: This DataLoader will create 2 worker processes in total. Our suggested max number of worker in current system is 1, which is smaller than what this DataLoader is going to create. Please be aware that excessive worker creation might get DataLoader running slow or even freeze, lower the worker number to avoid potential slowness/freeze if necessary.
  warnings.warn(
  [BENCH] evaluate/bert_val_inference: 11.8s wall, 5.4s cpu, 1.77 GB peak, 0.0033 GPU-h
    BioClinicalBERT val threshold: 0.9760
    TF-IDF val threshold: 0.3000
    Structured val threshold: 0.3380
  Scoring keyword baseline on val ...
    Keyword val threshold: 0.0000

  All val-derived thresholds stored.

[3/9] Clinical Longformer test inference ...
  [BENCH] evaluate/lf_test_inference: 162.5s wall, 150.9s cpu, 1.77 GB peak, 0.0451 GPU-h
  AUPRC=0.8939  AUROC=0.9002

[4/9] BioClinicalBERT ...
Loading weights:   0%|          | 0/201 [00:00<?, ?it/s]Loading weights: 100%|██████████| 201/201 [00:00<00:00, 23031.78it/s]
/oscar/data/class/biol1595_2595/students/ewang163/ptsd_env/lib/python3.13/site-packages/torch/utils/data/dataloader.py:624: UserWarning: This DataLoader will create 2 worker processes in total. Our suggested max number of worker in current system is 1, which is smaller than what this DataLoader is going to create. Please be aware that excessive worker creation might get DataLoader running slow or even freeze, lower the worker number to avoid potential slowness/freeze if necessary.
  warnings.warn(
  [BENCH] evaluate/bert_test_inference: 10.4s wall, 5.6s cpu, 1.80 GB peak, 0.0029 GPU-h
  Truncated: AUPRC=0.8576  AUROC=0.8656
  Running chunk-and-pool inference (Fix 8) ...
Loading weights:   0%|          | 0/201 [00:00<?, ?it/s]Loading weights: 100%|██████████| 201/201 [00:00<00:00, 22551.83it/s]
    Chunk-pool inference: 300/1551
    Chunk-pool inference: 400/1551
    Chunk-pool inference: 600/1551
    Chunk-pool inference: 1000/1551
    Chunk-pool inference: 1100/1551
    Chunk-pool inference: 1300/1551
    Chunk-pool inference: 1400/1551
    Chunk-pool inference: 1500/1551
  [BENCH] evaluate/bert_chunk_pool_test: 50.1s wall, 49.7s cpu, 1.80 GB peak, 0.0139 GPU-h
  Chunk-pool: AUPRC=0.8775  AUROC=0.8853

[5/9] TF-IDF + Logistic Regression ...
  [BENCH] evaluate/tfidf_test: 1.3s wall, 1.3s cpu, 1.80 GB peak
  AUPRC=0.8380  AUROC=0.8567

[6/9] Structured Features + Logistic Regression ...
  [BENCH] evaluate/struct_test: 34.7s wall, 34.5s cpu, 1.80 GB peak
  AUPRC=0.6833  AUROC=0.7310

[7/9] Keyword/Phrase-Lookup Baseline ...
  [BENCH] evaluate/keyword_test: 3.0s wall, 2.9s cpu, 1.80 GB peak
  AUPRC=0.5373  AUROC=0.6086

[8/9] McNemar's tests vs. Longformer ...
  Longformer vs TF-IDF + LogReg: p=0.000001 (***)  b=167, c=89
  Longformer vs Structured + LogReg: p=0.000000 (***)  b=586, c=111
  Longformer vs Keyword (DSM-5/PCL-5): p=0.000000 (***)  b=697, c=98
  Longformer vs BioClinicalBERT: p=0.000008  b=150, c=81

  Prevalence recalibration + clinical utility (Longformer):
      Prev      PPV      NPV      NNS      NNE      LR+      LR-
       1%   0.0380   0.9981     26.3      1.6     3.91   0.1898
       2%   0.0739   0.9961     13.5      1.6     3.91   0.1898
       5%   0.1707   0.9901      5.9      1.6     3.91   0.1898
      10%   0.3029   0.9793      3.3      1.6     3.91   0.1898
      20%   0.4944   0.9547      2.0      1.6     3.91   0.1898

  Clinical utility (study cohort):
    Alert rate:        48.7%
    LR+:               3.9108
    LR-:               0.1898
    DOR:               20.6
    Workup reduction:  51.3% (vs. treat-all)

  PU-corrected metrics (Fix 6, Ramola et al. 2019):
    pi_p estimate: 0.4255
    Longformer corrected AUPRC: 1.0
    Longformer corrected AUROC: 1.0

[9/9] Subgroup analysis (Longformer) ...
  Sex:
    F: n=940, pos=433, AUPRC=0.9252
    M: n=611, pos=227, AUPRC=0.8282
  Age group:
    20s: n=293, pos=140, AUPRC=0.9442
    30s: n=359, pos=194, AUPRC=0.9199
    40s: n=308, pos=131, AUPRC=0.8766
    50s: n=277, pos=81, AUPRC=0.8669
    Other: n=314, pos=114, AUPRC=0.845
  Race/ethnicity:
    Asian: n=48, pos=5, AUPRC=0.8476
    Black: n=209, pos=91, AUPRC=0.9322
    Hispanic: n=93, pos=44, AUPRC=0.8654
    Other/Unknown: n=118, pos=35, AUPRC=0.8924
    White: n=1083, pos=485, AUPRC=0.892
  Emergency admission:
    Non-emergency: n=696, pos=210, AUPRC=0.831
    Emergency: n=855, pos=450, AUPRC=0.9251

Full results → /oscar/data/class/biol1595_2595/students/ewang163/results/metrics/ewang163_evaluation_results.json
Summary CSV  → /oscar/data/class/biol1595_2595/students/ewang163/results/metrics/ewang163_evaluation_summary.csv

=================================================================
SPEED vs. ACCURACY COMPARISON
=================================================================

  Model                            AUPRC     Training  Inference
  ------------------------------ ------- ------------ ----------
  Keyword (DSM-5/PCL-5)           0.5373           0s   ~seconds
  TF-IDF + LogReg                 0.8380     ~minutes   ~seconds
  Structured + LogReg             0.6833     ~minutes   ~seconds
  BioClinicalBERT (512)           0.8576      ~12 min   ~minutes
  Clinical Longformer (4096)      0.8939      ~7.5 hr   ~minutes

=================================================================
TEST SET EVALUATION SUMMARY (thresholds from validation)
=================================================================

  Model                            AUPRC   AUROC   Sens   Spec   Prec     F1  McNemar p
  ------------------------------ ------- ------- ------ ------ ------ ------ ----------
  Clinical Longformer (PU)        0.8939  0.9002 0.8515 0.7823 0.7434 0.7938          —
  BioClinicalBERT (PU, truncated)  0.8576  0.8656 0.8197 0.7284 0.6909 0.7498   0.000008
  BioClinicalBERT (PU, chunk-pool)  0.8775  0.8853 0.9015 0.6263 0.6412 0.7494          —
  TF-IDF + LogReg                 0.8380  0.8567 0.8167 0.7205 0.6840 0.7445   0.000001
  Structured + LogReg             0.6833  0.7310 0.9091 0.2065 0.4591 0.6101   0.000000
  Keyword (DSM-5/PCL-5)           0.5373  0.6086 1.0000 0.0000 0.4255 0.5970   0.000000

  Prevalence recalibration (Longformer, sens=0.8515, spec=0.7823):
    prev=1%: PPV=0.0380, NPV=0.9981, NNS=26.3
    prev=2%: PPV=0.0739, NPV=0.9961, NNS=13.5
    prev=5%: PPV=0.1707, NPV=0.9901, NNS=5.9
    prev=10%: PPV=0.3029, NPV=0.9793, NNS=3.3
    prev=20%: PPV=0.4944, NPV=0.9547, NNS=2.0

Done.
